{"meta": {"format": 3, "version": "7.9.2", "timestamp": "2025-07-04T09:40:55.920415", "branch_coverage": false, "show_contexts": false}, "files": {"src\\__init__.py": {"executed_lines": [0], "summary": {"covered_lines": 0, "num_statements": 0, "percent_covered": 100.0, "percent_covered_display": "100", "missing_lines": 0, "excluded_lines": 0}, "missing_lines": [], "excluded_lines": [], "functions": {"": {"executed_lines": [], "summary": {"covered_lines": 0, "num_statements": 0, "percent_covered": 100.0, "percent_covered_display": "100", "missing_lines": 0, "excluded_lines": 0}, "missing_lines": [], "excluded_lines": []}}, "classes": {"": {"executed_lines": [], "summary": {"covered_lines": 0, "num_statements": 0, "percent_covered": 100.0, "percent_covered_display": "100", "missing_lines": 0, "excluded_lines": 0}, "missing_lines": [], "excluded_lines": []}}}, "src\\api\\__init__.py": {"executed_lines": [1, 8, 10], "summary": {"covered_lines": 2, "num_statements": 2, "percent_covered": 100.0, "percent_covered_display": "100", "missing_lines": 0, "excluded_lines": 0}, "missing_lines": [], "excluded_lines": [], "functions": {"": {"executed_lines": [1, 8, 10], "summary": {"covered_lines": 2, "num_statements": 2, "percent_covered": 100.0, "percent_covered_display": "100", "missing_lines": 0, "excluded_lines": 0}, "missing_lines": [], "excluded_lines": []}}, "classes": {"": {"executed_lines": [1, 8, 10], "summary": {"covered_lines": 2, "num_statements": 2, "percent_covered": 100.0, "percent_covered_display": "100", "missing_lines": 0, "excluded_lines": 0}, "missing_lines": [], "excluded_lines": []}}}, "src\\api\\main.py": {"executed_lines": [1, 8, 9, 10, 13, 14, 17, 18, 21, 30, 39, 45, 52, 53, 62, 63, 71], "summary": {"covered_lines": 16, "num_statements": 20, "percent_covered": 80.0, "percent_covered_display": "80", "missing_lines": 4, "excluded_lines": 0}, "missing_lines": [55, 65, 72, 73], "excluded_lines": [], "functions": {"health_check": {"executed_lines": [], "summary": {"covered_lines": 0, "num_statements": 1, "percent_covered": 0.0, "percent_covered_display": "0", "missing_lines": 1, "excluded_lines": 0}, "missing_lines": [55], "excluded_lines": []}, "root": {"executed_lines": [], "summary": {"covered_lines": 0, "num_statements": 1, "percent_covered": 0.0, "percent_covered_display": "0", "missing_lines": 1, "excluded_lines": 0}, "missing_lines": [65], "excluded_lines": []}, "": {"executed_lines": [1, 8, 9, 10, 13, 14, 17, 18, 21, 30, 39, 45, 52, 53, 62, 63, 71], "summary": {"covered_lines": 16, "num_statements": 18, "percent_covered": 88.88888888888889, "percent_covered_display": "89", "missing_lines": 2, "excluded_lines": 0}, "missing_lines": [72, 73], "excluded_lines": []}}, "classes": {"": {"executed_lines": [1, 8, 9, 10, 13, 14, 17, 18, 21, 30, 39, 45, 52, 53, 62, 63, 71], "summary": {"covered_lines": 16, "num_statements": 20, "percent_covered": 80.0, "percent_covered_display": "80", "missing_lines": 4, "excluded_lines": 0}, "missing_lines": [55, 65, 72, 73], "excluded_lines": []}}}, "src\\api\\routes\\__init__.py": {"executed_lines": [1, 8, 9, 11], "summary": {"covered_lines": 3, "num_statements": 3, "percent_covered": 100.0, "percent_covered_display": "100", "missing_lines": 0, "excluded_lines": 0}, "missing_lines": [], "excluded_lines": [], "functions": {"": {"executed_lines": [1, 8, 9, 11], "summary": {"covered_lines": 3, "num_statements": 3, "percent_covered": 100.0, "percent_covered_display": "100", "missing_lines": 0, "excluded_lines": 0}, "missing_lines": [], "excluded_lines": []}}, "classes": {"": {"executed_lines": [1, 8, 9, 11], "summary": {"covered_lines": 3, "num_statements": 3, "percent_covered": 100.0, "percent_covered_display": "100", "missing_lines": 0, "excluded_lines": 0}, "missing_lines": [], "excluded_lines": []}}}, "src\\api\\routes\\categories.py": {"executed_lines": [1, 8, 9, 10, 11, 14, 25, 26, 29, 32, 39, 45, 59, 60, 89, 90, 138, 139, 185, 186, 249, 250, 303, 304], "summary": {"covered_lines": 23, "num_statements": 102, "percent_covered": 22.54901960784314, "percent_covered_display": "23", "missing_lines": 79, "excluded_lines": 0}, "missing_lines": [41, 42, 47, 48, 49, 50, 52, 64, 65, 66, 69, 71, 77, 78, 79, 95, 97, 98, 106, 107, 109, 111, 119, 121, 127, 128, 129, 144, 145, 148, 153, 155, 164, 166, 167, 174, 175, 176, 192, 193, 194, 202, 205, 206, 207, 208, 209, 211, 213, 214, 222, 224, 230, 231, 238, 239, 240, 255, 256, 257, 265, 267, 269, 270, 278, 283, 285, 292, 293, 294, 308, 309, 310, 311, 312, 314, 323, 324, 325], "excluded_lines": [], "functions": {"get_category_service": {"executed_lines": [], "summary": {"covered_lines": 0, "num_statements": 2, "percent_covered": 0.0, "percent_covered_display": "0", "missing_lines": 2, "excluded_lines": 0}, "missing_lines": [41, 42], "excluded_lines": []}, "convert_category_to_dict": {"executed_lines": [], "summary": {"covered_lines": 0, "num_statements": 5, "percent_covered": 0.0, "percent_covered_display": "0", "missing_lines": 5, "excluded_lines": 0}, "missing_lines": [47, 48, 49, 50, 52], "excluded_lines": []}, "get_categories": {"executed_lines": [], "summary": {"covered_lines": 0, "num_statements": 8, "percent_covered": 0.0, "percent_covered_display": "0", "missing_lines": 8, "excluded_lines": 0}, "missing_lines": [64, 65, 66, 69, 71, 77, 78, 79], "excluded_lines": []}, "get_category": {"executed_lines": [], "summary": {"covered_lines": 0, "num_statements": 12, "percent_covered": 0.0, "percent_covered_display": "0", "missing_lines": 12, "excluded_lines": 0}, "missing_lines": [95, 97, 98, 106, 107, 109, 111, 119, 121, 127, 128, 129], "excluded_lines": []}, "create_category": {"executed_lines": [], "summary": {"covered_lines": 0, "num_statements": 11, "percent_covered": 0.0, "percent_covered_display": "0", "missing_lines": 11, "excluded_lines": 0}, "missing_lines": [144, 145, 148, 153, 155, 164, 166, 167, 174, 175, 176], "excluded_lines": []}, "update_category": {"executed_lines": [], "summary": {"covered_lines": 0, "num_statements": 19, "percent_covered": 0.0, "percent_covered_display": "0", "missing_lines": 19, "excluded_lines": 0}, "missing_lines": [192, 193, 194, 202, 205, 206, 207, 208, 209, 211, 213, 214, 222, 224, 230, 231, 238, 239, 240], "excluded_lines": []}, "delete_category": {"executed_lines": [], "summary": {"covered_lines": 0, "num_statements": 13, "percent_covered": 0.0, "percent_covered_display": "0", "missing_lines": 13, "excluded_lines": 0}, "missing_lines": [255, 256, 257, 265, 267, 269, 270, 278, 283, 285, 292, 293, 294], "excluded_lines": []}, "get_category_stats": {"executed_lines": [], "summary": {"covered_lines": 0, "num_statements": 9, "percent_covered": 0.0, "percent_covered_display": "0", "missing_lines": 9, "excluded_lines": 0}, "missing_lines": [308, 309, 310, 311, 312, 314, 323, 324, 325], "excluded_lines": []}, "": {"executed_lines": [1, 8, 9, 10, 11, 14, 25, 26, 29, 32, 39, 45, 59, 60, 89, 90, 138, 139, 185, 186, 249, 250, 303, 304], "summary": {"covered_lines": 23, "num_statements": 23, "percent_covered": 100.0, "percent_covered_display": "100", "missing_lines": 0, "excluded_lines": 0}, "missing_lines": [], "excluded_lines": []}}, "classes": {"": {"executed_lines": [1, 8, 9, 10, 11, 14, 25, 26, 29, 32, 39, 45, 59, 60, 89, 90, 138, 139, 185, 186, 249, 250, 303, 304], "summary": {"covered_lines": 23, "num_statements": 102, "percent_covered": 22.54901960784314, "percent_covered_display": "23", "missing_lines": 79, "excluded_lines": 0}, "missing_lines": [41, 42, 47, 48, 49, 50, 52, 64, 65, 66, 69, 71, 77, 78, 79, 95, 97, 98, 106, 107, 109, 111, 119, 121, 127, 128, 129, 144, 145, 148, 153, 155, 164, 166, 167, 174, 175, 176, 192, 193, 194, 202, 205, 206, 207, 208, 209, 211, 213, 214, 222, 224, 230, 231, 238, 239, 240, 255, 256, 257, 265, 267, 269, 270, 278, 283, 285, 292, 293, 294, 308, 309, 310, 311, 312, 314, 323, 324, 325], "excluded_lines": []}}}, "src\\api\\routes\\products.py": {"executed_lines": [1, 8, 9, 10, 11, 14, 20, 21, 25, 28, 34, 40, 113, 114, 139, 140, 162, 163, 186, 187, 209, 210, 261, 262, 310, 311, 388, 389], "summary": {"covered_lines": 27, "num_statements": 141, "percent_covered": 19.148936170212767, "percent_covered_display": "19", "missing_lines": 114, "excluded_lines": 0}, "missing_lines": [36, 37, 45, 46, 49, 50, 65, 66, 69, 70, 71, 74, 75, 77, 78, 81, 82, 85, 86, 89, 90, 92, 94, 95, 96, 119, 120, 121, 123, 129, 130, 131, 144, 145, 146, 148, 153, 154, 155, 168, 169, 170, 172, 177, 178, 179, 191, 192, 193, 195, 200, 201, 202, 215, 216, 217, 231, 233, 234, 242, 244, 250, 251, 252, 267, 269, 279, 280, 282, 291, 292, 299, 300, 301, 317, 318, 319, 334, 335, 336, 337, 338, 339, 340, 341, 342, 343, 344, 345, 346, 347, 348, 350, 352, 353, 361, 363, 369, 370, 377, 378, 379, 394, 395, 396, 410, 412, 413, 421, 426, 427, 434, 435, 436], "excluded_lines": [], "functions": {"get_product_service": {"executed_lines": [], "summary": {"covered_lines": 0, "num_statements": 2, "percent_covered": 0.0, "percent_covered_display": "0", "missing_lines": 2, "excluded_lines": 0}, "missing_lines": [36, 37], "excluded_lines": []}, "serialize_product": {"executed_lines": [], "summary": {"covered_lines": 0, "num_statements": 23, "percent_covered": 0.0, "percent_covered_display": "0", "missing_lines": 23, "excluded_lines": 0}, "missing_lines": [45, 46, 49, 50, 65, 66, 69, 70, 71, 74, 75, 77, 78, 81, 82, 85, 86, 89, 90, 92, 94, 95, 96], "excluded_lines": []}, "search_products": {"executed_lines": [], "summary": {"covered_lines": 0, "num_statements": 7, "percent_covered": 0.0, "percent_covered_display": "0", "missing_lines": 7, "excluded_lines": 0}, "missing_lines": [119, 120, 121, 123, 129, 130, 131], "excluded_lines": []}, "get_low_stock_products": {"executed_lines": [], "summary": {"covered_lines": 0, "num_statements": 7, "percent_covered": 0.0, "percent_covered_display": "0", "missing_lines": 7, "excluded_lines": 0}, "missing_lines": [144, 145, 146, 148, 153, 154, 155], "excluded_lines": []}, "get_products_by_category": {"executed_lines": [], "summary": {"covered_lines": 0, "num_statements": 7, "percent_covered": 0.0, "percent_covered_display": "0", "missing_lines": 7, "excluded_lines": 0}, "missing_lines": [168, 169, 170, 172, 177, 178, 179], "excluded_lines": []}, "get_all_products": {"executed_lines": [], "summary": {"covered_lines": 0, "num_statements": 7, "percent_covered": 0.0, "percent_covered_display": "0", "missing_lines": 7, "excluded_lines": 0}, "missing_lines": [191, 192, 193, 195, 200, 201, 202], "excluded_lines": []}, "get_product_by_id": {"executed_lines": [], "summary": {"covered_lines": 0, "num_statements": 11, "percent_covered": 0.0, "percent_covered_display": "0", "missing_lines": 11, "excluded_lines": 0}, "missing_lines": [215, 216, 217, 231, 233, 234, 242, 244, 250, 251, 252], "excluded_lines": []}, "create_product": {"executed_lines": [], "summary": {"covered_lines": 0, "num_statements": 10, "percent_covered": 0.0, "percent_covered_display": "0", "missing_lines": 10, "excluded_lines": 0}, "missing_lines": [267, 269, 279, 280, 282, 291, 292, 299, 300, 301], "excluded_lines": []}, "update_product": {"executed_lines": [], "summary": {"covered_lines": 0, "num_statements": 28, "percent_covered": 0.0, "percent_covered_display": "0", "missing_lines": 28, "excluded_lines": 0}, "missing_lines": [317, 318, 319, 334, 335, 336, 337, 338, 339, 340, 341, 342, 343, 344, 345, 346, 347, 348, 350, 352, 353, 361, 363, 369, 370, 377, 378, 379], "excluded_lines": []}, "delete_product": {"executed_lines": [], "summary": {"covered_lines": 0, "num_statements": 12, "percent_covered": 0.0, "percent_covered_display": "0", "missing_lines": 12, "excluded_lines": 0}, "missing_lines": [394, 395, 396, 410, 412, 413, 421, 426, 427, 434, 435, 436], "excluded_lines": []}, "": {"executed_lines": [1, 8, 9, 10, 11, 14, 20, 21, 25, 28, 34, 40, 113, 114, 139, 140, 162, 163, 186, 187, 209, 210, 261, 262, 310, 311, 388, 389], "summary": {"covered_lines": 27, "num_statements": 27, "percent_covered": 100.0, "percent_covered_display": "100", "missing_lines": 0, "excluded_lines": 0}, "missing_lines": [], "excluded_lines": []}}, "classes": {"": {"executed_lines": [1, 8, 9, 10, 11, 14, 20, 21, 25, 28, 34, 40, 113, 114, 139, 140, 162, 163, 186, 187, 209, 210, 261, 262, 310, 311, 388, 389], "summary": {"covered_lines": 27, "num_statements": 141, "percent_covered": 19.148936170212767, "percent_covered_display": "19", "missing_lines": 114, "excluded_lines": 0}, "missing_lines": [36, 37, 45, 46, 49, 50, 65, 66, 69, 70, 71, 74, 75, 77, 78, 81, 82, 85, 86, 89, 90, 92, 94, 95, 96, 119, 120, 121, 123, 129, 130, 131, 144, 145, 146, 148, 153, 154, 155, 168, 169, 170, 172, 177, 178, 179, 191, 192, 193, 195, 200, 201, 202, 215, 216, 217, 231, 233, 234, 242, 244, 250, 251, 252, 267, 269, 279, 280, 282, 291, 292, 299, 300, 301, 317, 318, 319, 334, 335, 336, 337, 338, 339, 340, 341, 342, 343, 344, 345, 346, 347, 348, 350, 352, 353, 361, 363, 369, 370, 377, 378, 379, 394, 395, 396, 410, 412, 413, 421, 426, 427, 434, 435, 436], "excluded_lines": []}}}, "src\\api\\schemas\\__init__.py": {"executed_lines": [1, 9, 21, 34, 36], "summary": {"covered_lines": 4, "num_statements": 4, "percent_covered": 100.0, "percent_covered_display": "100", "missing_lines": 0, "excluded_lines": 0}, "missing_lines": [], "excluded_lines": [], "functions": {"": {"executed_lines": [1, 9, 21, 34, 36], "summary": {"covered_lines": 4, "num_statements": 4, "percent_covered": 100.0, "percent_covered_display": "100", "missing_lines": 0, "excluded_lines": 0}, "missing_lines": [], "excluded_lines": []}}, "classes": {"": {"executed_lines": [1, 9, 21, 34, 36], "summary": {"covered_lines": 4, "num_statements": 4, "percent_covered": 100.0, "percent_covered_display": "100", "missing_lines": 0, "excluded_lines": 0}, "missing_lines": [], "excluded_lines": []}}}, "src\\api\\schemas\\category_schemas.py": {"executed_lines": [1, 9, 10, 11, 14, 15, 16, 17, 20, 21, 22, 28, 33, 34, 41, 42, 43, 45, 46, 54, 55, 56, 62, 67, 68, 76, 77, 78, 83, 84, 85, 94, 95, 96, 97, 101, 106, 107, 127, 128, 129, 130, 134, 139, 140, 153, 154, 155, 156, 160, 165, 166, 175, 176, 177, 178, 183, 184, 193, 194, 195], "summary": {"covered_lines": 50, "num_statements": 53, "percent_covered": 94.33962264150944, "percent_covered_display": "94", "missing_lines": 3, "excluded_lines": 0}, "missing_lines": [36, 37, 38], "excluded_lines": [], "functions": {"CategoryBase.validate_nombre": {"executed_lines": [], "summary": {"covered_lines": 0, "num_statements": 3, "percent_covered": 0.0, "percent_covered_display": "0", "missing_lines": 3, "excluded_lines": 0}, "missing_lines": [36, 37, 38], "excluded_lines": []}, "": {"executed_lines": [1, 9, 10, 11, 14, 15, 16, 17, 20, 21, 22, 28, 33, 34, 41, 42, 43, 45, 46, 54, 55, 56, 62, 67, 68, 76, 77, 78, 83, 84, 85, 94, 95, 96, 97, 101, 106, 107, 127, 128, 129, 130, 134, 139, 140, 153, 154, 155, 156, 160, 165, 166, 175, 176, 177, 178, 183, 184, 193, 194, 195], "summary": {"covered_lines": 50, "num_statements": 50, "percent_covered": 100.0, "percent_covered_display": "100", "missing_lines": 0, "excluded_lines": 0}, "missing_lines": [], "excluded_lines": []}}, "classes": {"CategoryType": {"executed_lines": [], "summary": {"covered_lines": 0, "num_statements": 0, "percent_covered": 100.0, "percent_covered_display": "100", "missing_lines": 0, "excluded_lines": 0}, "missing_lines": [], "excluded_lines": []}, "CategoryBase": {"executed_lines": [], "summary": {"covered_lines": 0, "num_statements": 3, "percent_covered": 0.0, "percent_covered_display": "0", "missing_lines": 3, "excluded_lines": 0}, "missing_lines": [36, 37, 38], "excluded_lines": []}, "CategoryCreate": {"executed_lines": [], "summary": {"covered_lines": 0, "num_statements": 0, "percent_covered": 100.0, "percent_covered_display": "100", "missing_lines": 0, "excluded_lines": 0}, "missing_lines": [], "excluded_lines": []}, "CategoryCreate.Config": {"executed_lines": [], "summary": {"covered_lines": 0, "num_statements": 0, "percent_covered": 100.0, "percent_covered_display": "100", "missing_lines": 0, "excluded_lines": 0}, "missing_lines": [], "excluded_lines": []}, "CategoryUpdate": {"executed_lines": [], "summary": {"covered_lines": 0, "num_statements": 0, "percent_covered": 100.0, "percent_covered_display": "100", "missing_lines": 0, "excluded_lines": 0}, "missing_lines": [], "excluded_lines": []}, "CategoryUpdate.Config": {"executed_lines": [], "summary": {"covered_lines": 0, "num_statements": 0, "percent_covered": 100.0, "percent_covered_display": "100", "missing_lines": 0, "excluded_lines": 0}, "missing_lines": [], "excluded_lines": []}, "CategoryResponse": {"executed_lines": [], "summary": {"covered_lines": 0, "num_statements": 0, "percent_covered": 100.0, "percent_covered_display": "100", "missing_lines": 0, "excluded_lines": 0}, "missing_lines": [], "excluded_lines": []}, "CategoryResponse.Config": {"executed_lines": [], "summary": {"covered_lines": 0, "num_statements": 0, "percent_covered": 100.0, "percent_covered_display": "100", "missing_lines": 0, "excluded_lines": 0}, "missing_lines": [], "excluded_lines": []}, "CategoryListResponse": {"executed_lines": [], "summary": {"covered_lines": 0, "num_statements": 0, "percent_covered": 100.0, "percent_covered_display": "100", "missing_lines": 0, "excluded_lines": 0}, "missing_lines": [], "excluded_lines": []}, "CategoryListResponse.Config": {"executed_lines": [], "summary": {"covered_lines": 0, "num_statements": 0, "percent_covered": 100.0, "percent_covered_display": "100", "missing_lines": 0, "excluded_lines": 0}, "missing_lines": [], "excluded_lines": []}, "CategorySingleResponse": {"executed_lines": [], "summary": {"covered_lines": 0, "num_statements": 0, "percent_covered": 100.0, "percent_covered_display": "100", "missing_lines": 0, "excluded_lines": 0}, "missing_lines": [], "excluded_lines": []}, "CategorySingleResponse.Config": {"executed_lines": [], "summary": {"covered_lines": 0, "num_statements": 0, "percent_covered": 100.0, "percent_covered_display": "100", "missing_lines": 0, "excluded_lines": 0}, "missing_lines": [], "excluded_lines": []}, "ErrorResponse": {"executed_lines": [], "summary": {"covered_lines": 0, "num_statements": 0, "percent_covered": 100.0, "percent_covered_display": "100", "missing_lines": 0, "excluded_lines": 0}, "missing_lines": [], "excluded_lines": []}, "ErrorResponse.Config": {"executed_lines": [], "summary": {"covered_lines": 0, "num_statements": 0, "percent_covered": 100.0, "percent_covered_display": "100", "missing_lines": 0, "excluded_lines": 0}, "missing_lines": [], "excluded_lines": []}, "SuccessResponse": {"executed_lines": [], "summary": {"covered_lines": 0, "num_statements": 0, "percent_covered": 100.0, "percent_covered_display": "100", "missing_lines": 0, "excluded_lines": 0}, "missing_lines": [], "excluded_lines": []}, "SuccessResponse.Config": {"executed_lines": [], "summary": {"covered_lines": 0, "num_statements": 0, "percent_covered": 100.0, "percent_covered_display": "100", "missing_lines": 0, "excluded_lines": 0}, "missing_lines": [], "excluded_lines": []}, "CategoryId": {"executed_lines": [], "summary": {"covered_lines": 0, "num_statements": 0, "percent_covered": 100.0, "percent_covered_display": "100", "missing_lines": 0, "excluded_lines": 0}, "missing_lines": [], "excluded_lines": []}, "": {"executed_lines": [1, 9, 10, 11, 14, 15, 16, 17, 20, 21, 22, 28, 33, 34, 41, 42, 43, 45, 46, 54, 55, 56, 62, 67, 68, 76, 77, 78, 83, 84, 85, 94, 95, 96, 97, 101, 106, 107, 127, 128, 129, 130, 134, 139, 140, 153, 154, 155, 156, 160, 165, 166, 175, 176, 177, 178, 183, 184, 193, 194, 195], "summary": {"covered_lines": 50, "num_statements": 50, "percent_covered": 100.0, "percent_covered_display": "100", "missing_lines": 0, "excluded_lines": 0}, "missing_lines": [], "excluded_lines": []}}}, "src\\api\\schemas\\product_schemas.py": {"executed_lines": [1, 9, 10, 11, 12, 13, 16, 17, 19, 20, 21, 22, 23, 24, 25, 28, 30, 31, 33, 34, 35, 37, 39, 40, 42, 43, 46, 47, 50, 54, 55, 57, 59, 61, 63, 65, 66, 80, 81, 83, 85, 86, 89, 93, 94, 97, 100, 103, 104, 106, 107, 108, 109, 110, 111, 112, 115, 117, 118, 126, 127, 133, 134, 137, 138, 139, 141, 143, 144, 154, 155, 157, 158, 159, 160, 161, 162, 163, 164, 165, 166, 167, 168, 170, 171, 181, 182, 200, 201, 203, 204, 205, 207, 208, 228, 229, 231, 232, 233, 235, 236, 253, 254, 255, 258, 259, 261, 262, 263, 264, 266, 267, 286, 287, 289, 290, 291, 292, 293, 294, 295, 296, 298, 299, 308, 309, 323, 324, 326, 327, 328, 330, 331, 350, 351, 353, 354, 356, 357, 381, 382, 384, 385, 386, 388, 389, 398, 399, 401, 402, 404, 405, 414, 415, 417, 418, 419, 421, 422], "summary": {"covered_lines": 144, "num_statements": 166, "percent_covered": 86.74698795180723, "percent_covered_display": "87", "missing_lines": 22, "excluded_lines": 0}, "missing_lines": [36, 44, 51, 90, 95, 98, 120, 121, 122, 123, 124, 129, 130, 131, 174, 175, 177, 179, 302, 303, 304, 306], "excluded_lines": [], "functions": {"ProductCreate.validate_nombre": {"executed_lines": [33, 34, 35, 37], "summary": {"covered_lines": 4, "num_statements": 5, "percent_covered": 80.0, "percent_covered_display": "80", "missing_lines": 1, "excluded_lines": 0}, "missing_lines": [36], "excluded_lines": []}, "ProductCreate.validate_descripcion": {"executed_lines": [42, 43], "summary": {"covered_lines": 2, "num_statements": 3, "percent_covered": 66.66666666666667, "percent_covered_display": "67", "missing_lines": 1, "excluded_lines": 0}, "missing_lines": [44], "excluded_lines": []}, "ProductCreate.validate_business_rules": {"executed_lines": [50, 54, 55, 57, 59, 61, 63], "summary": {"covered_lines": 7, "num_statements": 8, "percent_covered": 87.5, "percent_covered_display": "88", "missing_lines": 1, "excluded_lines": 0}, "missing_lines": [51], "excluded_lines": []}, "ProductCreateWithValidation.validate_service_stock_strict": {"executed_lines": [89, 93, 94, 97, 100], "summary": {"covered_lines": 5, "num_statements": 8, "percent_covered": 62.5, "percent_covered_display": "62", "missing_lines": 3, "excluded_lines": 0}, "missing_lines": [90, 95, 98], "excluded_lines": []}, "ProductUpdate.validate_nombre": {"executed_lines": [], "summary": {"covered_lines": 0, "num_statements": 5, "percent_covered": 0.0, "percent_covered_display": "0", "missing_lines": 5, "excluded_lines": 0}, "missing_lines": [120, 121, 122, 123, 124], "excluded_lines": []}, "ProductUpdate.validate_descripcion": {"executed_lines": [], "summary": {"covered_lines": 0, "num_statements": 3, "percent_covered": 0.0, "percent_covered_display": "0", "missing_lines": 3, "excluded_lines": 0}, "missing_lines": [129, 130, 131], "excluded_lines": []}, "ProductUpdate.validate_service_stock_update": {"executed_lines": [137, 138, 139, 141], "summary": {"covered_lines": 4, "num_statements": 4, "percent_covered": 100.0, "percent_covered_display": "100", "missing_lines": 0, "excluded_lines": 0}, "missing_lines": [], "excluded_lines": []}, "ProductResponse.validate_response_consistency": {"executed_lines": [], "summary": {"covered_lines": 0, "num_statements": 4, "percent_covered": 0.0, "percent_covered_display": "0", "missing_lines": 4, "excluded_lines": 0}, "missing_lines": [174, 175, 177, 179], "excluded_lines": []}, "LowStockProductResponse.validate_low_stock_services": {"executed_lines": [], "summary": {"covered_lines": 0, "num_statements": 4, "percent_covered": 0.0, "percent_covered_display": "0", "missing_lines": 4, "excluded_lines": 0}, "missing_lines": [302, 303, 304, 306], "excluded_lines": []}, "": {"executed_lines": [1, 9, 10, 11, 12, 13, 16, 17, 19, 20, 21, 22, 23, 24, 25, 28, 30, 31, 39, 40, 46, 47, 65, 66, 80, 81, 83, 85, 86, 103, 104, 106, 107, 108, 109, 110, 111, 112, 115, 117, 118, 126, 127, 133, 134, 143, 144, 154, 155, 157, 158, 159, 160, 161, 162, 163, 164, 165, 166, 167, 168, 170, 171, 181, 182, 200, 201, 203, 204, 205, 207, 208, 228, 229, 231, 232, 233, 235, 236, 253, 254, 255, 258, 259, 261, 262, 263, 264, 266, 267, 286, 287, 289, 290, 291, 292, 293, 294, 295, 296, 298, 299, 308, 309, 323, 324, 326, 327, 328, 330, 331, 350, 351, 353, 354, 356, 357, 381, 382, 384, 385, 386, 388, 389, 398, 399, 401, 402, 404, 405, 414, 415, 417, 418, 419, 421, 422], "summary": {"covered_lines": 122, "num_statements": 122, "percent_covered": 100.0, "percent_covered_display": "100", "missing_lines": 0, "excluded_lines": 0}, "missing_lines": [], "excluded_lines": []}}, "classes": {"ProductCreate": {"executed_lines": [33, 34, 35, 37, 42, 43, 50, 54, 55, 57, 59, 61, 63], "summary": {"covered_lines": 13, "num_statements": 16, "percent_covered": 81.25, "percent_covered_display": "81", "missing_lines": 3, "excluded_lines": 0}, "missing_lines": [36, 44, 51], "excluded_lines": []}, "ProductCreate.Config": {"executed_lines": [], "summary": {"covered_lines": 0, "num_statements": 0, "percent_covered": 100.0, "percent_covered_display": "100", "missing_lines": 0, "excluded_lines": 0}, "missing_lines": [], "excluded_lines": []}, "ProductCreateWithValidation": {"executed_lines": [89, 93, 94, 97, 100], "summary": {"covered_lines": 5, "num_statements": 8, "percent_covered": 62.5, "percent_covered_display": "62", "missing_lines": 3, "excluded_lines": 0}, "missing_lines": [90, 95, 98], "excluded_lines": []}, "ProductUpdate": {"executed_lines": [137, 138, 139, 141], "summary": {"covered_lines": 4, "num_statements": 12, "percent_covered": 33.333333333333336, "percent_covered_display": "33", "missing_lines": 8, "excluded_lines": 0}, "missing_lines": [120, 121, 122, 123, 124, 129, 130, 131], "excluded_lines": []}, "ProductUpdate.Config": {"executed_lines": [], "summary": {"covered_lines": 0, "num_statements": 0, "percent_covered": 100.0, "percent_covered_display": "100", "missing_lines": 0, "excluded_lines": 0}, "missing_lines": [], "excluded_lines": []}, "ProductResponse": {"executed_lines": [], "summary": {"covered_lines": 0, "num_statements": 4, "percent_covered": 0.0, "percent_covered_display": "0", "missing_lines": 4, "excluded_lines": 0}, "missing_lines": [174, 175, 177, 179], "excluded_lines": []}, "ProductResponse.Config": {"executed_lines": [], "summary": {"covered_lines": 0, "num_statements": 0, "percent_covered": 100.0, "percent_covered_display": "100", "missing_lines": 0, "excluded_lines": 0}, "missing_lines": [], "excluded_lines": []}, "ProductListResponse": {"executed_lines": [], "summary": {"covered_lines": 0, "num_statements": 0, "percent_covered": 100.0, "percent_covered_display": "100", "missing_lines": 0, "excluded_lines": 0}, "missing_lines": [], "excluded_lines": []}, "ProductListResponse.Config": {"executed_lines": [], "summary": {"covered_lines": 0, "num_statements": 0, "percent_covered": 100.0, "percent_covered_display": "100", "missing_lines": 0, "excluded_lines": 0}, "missing_lines": [], "excluded_lines": []}, "ProductSingleResponse": {"executed_lines": [], "summary": {"covered_lines": 0, "num_statements": 0, "percent_covered": 100.0, "percent_covered_display": "100", "missing_lines": 0, "excluded_lines": 0}, "missing_lines": [], "excluded_lines": []}, "ProductSingleResponse.Config": {"executed_lines": [], "summary": {"covered_lines": 0, "num_statements": 0, "percent_covered": 100.0, "percent_covered_display": "100", "missing_lines": 0, "excluded_lines": 0}, "missing_lines": [], "excluded_lines": []}, "ProductSearchRequest": {"executed_lines": [], "summary": {"covered_lines": 0, "num_statements": 0, "percent_covered": 100.0, "percent_covered_display": "100", "missing_lines": 0, "excluded_lines": 0}, "missing_lines": [], "excluded_lines": []}, "ProductSearchResponse": {"executed_lines": [], "summary": {"covered_lines": 0, "num_statements": 0, "percent_covered": 100.0, "percent_covered_display": "100", "missing_lines": 0, "excluded_lines": 0}, "missing_lines": [], "excluded_lines": []}, "ProductSearchResponse.Config": {"executed_lines": [], "summary": {"covered_lines": 0, "num_statements": 0, "percent_covered": 100.0, "percent_covered_display": "100", "missing_lines": 0, "excluded_lines": 0}, "missing_lines": [], "excluded_lines": []}, "LowStockProductResponse": {"executed_lines": [], "summary": {"covered_lines": 0, "num_statements": 4, "percent_covered": 0.0, "percent_covered_display": "0", "missing_lines": 4, "excluded_lines": 0}, "missing_lines": [302, 303, 304, 306], "excluded_lines": []}, "LowStockProductResponse.Config": {"executed_lines": [], "summary": {"covered_lines": 0, "num_statements": 0, "percent_covered": 100.0, "percent_covered_display": "100", "missing_lines": 0, "excluded_lines": 0}, "missing_lines": [], "excluded_lines": []}, "LowStockListResponse": {"executed_lines": [], "summary": {"covered_lines": 0, "num_statements": 0, "percent_covered": 100.0, "percent_covered_display": "100", "missing_lines": 0, "excluded_lines": 0}, "missing_lines": [], "excluded_lines": []}, "LowStockListResponse.Config": {"executed_lines": [], "summary": {"covered_lines": 0, "num_statements": 0, "percent_covered": 100.0, "percent_covered_display": "100", "missing_lines": 0, "excluded_lines": 0}, "missing_lines": [], "excluded_lines": []}, "ProductStatsResponse": {"executed_lines": [], "summary": {"covered_lines": 0, "num_statements": 0, "percent_covered": 100.0, "percent_covered_display": "100", "missing_lines": 0, "excluded_lines": 0}, "missing_lines": [], "excluded_lines": []}, "ProductStatsResponse.Config": {"executed_lines": [], "summary": {"covered_lines": 0, "num_statements": 0, "percent_covered": 100.0, "percent_covered_display": "100", "missing_lines": 0, "excluded_lines": 0}, "missing_lines": [], "excluded_lines": []}, "ErrorResponse": {"executed_lines": [], "summary": {"covered_lines": 0, "num_statements": 0, "percent_covered": 100.0, "percent_covered_display": "100", "missing_lines": 0, "excluded_lines": 0}, "missing_lines": [], "excluded_lines": []}, "ErrorResponse.Config": {"executed_lines": [], "summary": {"covered_lines": 0, "num_statements": 0, "percent_covered": 100.0, "percent_covered_display": "100", "missing_lines": 0, "excluded_lines": 0}, "missing_lines": [], "excluded_lines": []}, "SuccessResponse": {"executed_lines": [], "summary": {"covered_lines": 0, "num_statements": 0, "percent_covered": 100.0, "percent_covered_display": "100", "missing_lines": 0, "excluded_lines": 0}, "missing_lines": [], "excluded_lines": []}, "SuccessResponse.Config": {"executed_lines": [], "summary": {"covered_lines": 0, "num_statements": 0, "percent_covered": 100.0, "percent_covered_display": "100", "missing_lines": 0, "excluded_lines": 0}, "missing_lines": [], "excluded_lines": []}, "ServiceStockValidationError": {"executed_lines": [], "summary": {"covered_lines": 0, "num_statements": 0, "percent_covered": 100.0, "percent_covered_display": "100", "missing_lines": 0, "excluded_lines": 0}, "missing_lines": [], "excluded_lines": []}, "ServiceStockValidationError.Config": {"executed_lines": [], "summary": {"covered_lines": 0, "num_statements": 0, "percent_covered": 100.0, "percent_covered_display": "100", "missing_lines": 0, "excluded_lines": 0}, "missing_lines": [], "excluded_lines": []}, "": {"executed_lines": [1, 9, 10, 11, 12, 13, 16, 17, 19, 20, 21, 22, 23, 24, 25, 28, 30, 31, 39, 40, 46, 47, 65, 66, 80, 81, 83, 85, 86, 103, 104, 106, 107, 108, 109, 110, 111, 112, 115, 117, 118, 126, 127, 133, 134, 143, 144, 154, 155, 157, 158, 159, 160, 161, 162, 163, 164, 165, 166, 167, 168, 170, 171, 181, 182, 200, 201, 203, 204, 205, 207, 208, 228, 229, 231, 232, 233, 235, 236, 253, 254, 255, 258, 259, 261, 262, 263, 264, 266, 267, 286, 287, 289, 290, 291, 292, 293, 294, 295, 296, 298, 299, 308, 309, 323, 324, 326, 327, 328, 330, 331, 350, 351, 353, 354, 356, 357, 381, 382, 384, 385, 386, 388, 389, 398, 399, 401, 402, 404, 405, 414, 415, 417, 418, 419, 421, 422], "summary": {"covered_lines": 122, "num_statements": 122, "percent_covered": 100.0, "percent_covered_display": "100", "missing_lines": 0, "excluded_lines": 0}, "missing_lines": [], "excluded_lines": []}}}, "src\\db\\__init__.py": {"executed_lines": [0], "summary": {"covered_lines": 0, "num_statements": 0, "percent_covered": 100.0, "percent_covered_display": "100", "missing_lines": 0, "excluded_lines": 0}, "missing_lines": [], "excluded_lines": [], "functions": {"": {"executed_lines": [], "summary": {"covered_lines": 0, "num_statements": 0, "percent_covered": 100.0, "percent_covered_display": "100", "missing_lines": 0, "excluded_lines": 0}, "missing_lines": [], "excluded_lines": []}}, "classes": {"": {"executed_lines": [], "summary": {"covered_lines": 0, "num_statements": 0, "percent_covered": 100.0, "percent_covered_display": "100", "missing_lines": 0, "excluded_lines": 0}, "missing_lines": [], "excluded_lines": []}}}, "src\\db\\database.py": {"executed_lines": [1, 6, 7, 8, 9, 12, 13, 18, 25, 26, 27, 29, 31, 35, 38, 41, 43, 45, 52, 54, 56, 58, 59, 60, 62, 67, 230, 233, 235, 237, 242, 245, 250, 252, 253, 256, 262, 269, 270, 275, 276, 282, 283, 284, 299, 304, 305, 310, 311, 316, 318, 330, 331, 333, 341, 344, 346, 347, 353, 355, 362, 363, 364, 366, 373, 374, 377, 383, 384, 388, 392, 393, 395, 400, 418, 422, 428, 431, 443, 444, 446, 449, 459, 460, 461, 463], "summary": {"covered_lines": 84, "num_statements": 97, "percent_covered": 86.5979381443299, "percent_covered_display": "87", "missing_lines": 13, "excluded_lines": 0}, "missing_lines": [53, 389, 397, 398, 410, 411, 412, 413, 414, 415, 416, 420, 424], "excluded_lines": [], "functions": {"DatabaseConnection.__init__": {"executed_lines": [25, 26, 27], "summary": {"covered_lines": 3, "num_statements": 3, "percent_covered": 100.0, "percent_covered_display": "100", "missing_lines": 0, "excluded_lines": 0}, "missing_lines": [], "excluded_lines": []}, "DatabaseConnection._initialize_connection": {"executed_lines": [31, 35, 38, 41, 43], "summary": {"covered_lines": 5, "num_statements": 5, "percent_covered": 100.0, "percent_covered_display": "100", "missing_lines": 0, "excluded_lines": 0}, "missing_lines": [], "excluded_lines": []}, "DatabaseConnection.get_connection": {"executed_lines": [52, 54], "summary": {"covered_lines": 2, "num_statements": 3, "percent_covered": 66.66666666666667, "percent_covered_display": "67", "missing_lines": 1, "excluded_lines": 0}, "missing_lines": [53], "excluded_lines": []}, "DatabaseConnection.close": {"executed_lines": [58, 59, 60], "summary": {"covered_lines": 3, "num_statements": 3, "percent_covered": 100.0, "percent_covered_display": "100", "missing_lines": 0, "excluded_lines": 0}, "missing_lines": [], "excluded_lines": []}, "DatabaseConnection.create_tables": {"executed_lines": [67, 230, 233, 235], "summary": {"covered_lines": 4, "num_statements": 4, "percent_covered": 100.0, "percent_covered_display": "100", "missing_lines": 0, "excluded_lines": 0}, "missing_lines": [], "excluded_lines": []}, "DatabaseConnection.initialize_default_data": {"executed_lines": [242, 245, 250, 252, 253, 256, 262, 269, 270, 275, 276, 282, 283, 284, 299, 304, 305, 310, 311, 316], "summary": {"covered_lines": 20, "num_statements": 20, "percent_covered": 100.0, "percent_covered_display": "100", "missing_lines": 0, "excluded_lines": 0}, "missing_lines": [], "excluded_lines": []}, "DatabaseConnection._hash_password": {"executed_lines": [330, 331], "summary": {"covered_lines": 2, "num_statements": 2, "percent_covered": 100.0, "percent_covered_display": "100", "missing_lines": 0, "excluded_lines": 0}, "missing_lines": [], "excluded_lines": []}, "DatabaseConnection._set_database_version": {"executed_lines": [341, 344, 346, 347, 353], "summary": {"covered_lines": 5, "num_statements": 5, "percent_covered": 100.0, "percent_covered_display": "100", "missing_lines": 0, "excluded_lines": 0}, "missing_lines": [], "excluded_lines": []}, "DatabaseConnection.get_database_version": {"executed_lines": [362, 363, 364], "summary": {"covered_lines": 3, "num_statements": 3, "percent_covered": 100.0, "percent_covered_display": "100", "missing_lines": 0, "excluded_lines": 0}, "missing_lines": [], "excluded_lines": []}, "DatabaseConnection.verify_schema_integrity": {"executed_lines": [373, 374, 377, 383, 384, 388, 392, 393, 395], "summary": {"covered_lines": 9, "num_statements": 12, "percent_covered": 75.0, "percent_covered_display": "75", "missing_lines": 3, "excluded_lines": 0}, "missing_lines": [389, 397, 398], "excluded_lines": []}, "DatabaseConnection.backup_database": {"executed_lines": [], "summary": {"covered_lines": 0, "num_statements": 7, "percent_covered": 0.0, "percent_covered_display": "0", "missing_lines": 7, "excluded_lines": 0}, "missing_lines": [410, 411, 412, 413, 414, 415, 416], "excluded_lines": []}, "DatabaseConnection.__enter__": {"executed_lines": [], "summary": {"covered_lines": 0, "num_statements": 1, "percent_covered": 0.0, "percent_covered_display": "0", "missing_lines": 1, "excluded_lines": 0}, "missing_lines": [420], "excluded_lines": []}, "DatabaseConnection.__exit__": {"executed_lines": [], "summary": {"covered_lines": 0, "num_statements": 1, "percent_covered": 0.0, "percent_covered_display": "0", "missing_lines": 1, "excluded_lines": 0}, "missing_lines": [424], "excluded_lines": []}, "get_database_connection": {"executed_lines": [443, 444, 446], "summary": {"covered_lines": 3, "num_statements": 3, "percent_covered": 100.0, "percent_covered_display": "100", "missing_lines": 0, "excluded_lines": 0}, "missing_lines": [], "excluded_lines": []}, "initialize_database": {"executed_lines": [459, 460, 461, 463], "summary": {"covered_lines": 4, "num_statements": 4, "percent_covered": 100.0, "percent_covered_display": "100", "missing_lines": 0, "excluded_lines": 0}, "missing_lines": [], "excluded_lines": []}, "": {"executed_lines": [1, 6, 7, 8, 9, 12, 13, 18, 29, 45, 56, 62, 237, 318, 333, 355, 366, 400, 418, 422, 428, 431, 449], "summary": {"covered_lines": 21, "num_statements": 21, "percent_covered": 100.0, "percent_covered_display": "100", "missing_lines": 0, "excluded_lines": 0}, "missing_lines": [], "excluded_lines": []}}, "classes": {"DatabaseConnection": {"executed_lines": [25, 26, 27, 31, 35, 38, 41, 43, 52, 54, 58, 59, 60, 67, 230, 233, 235, 242, 245, 250, 252, 253, 256, 262, 269, 270, 275, 276, 282, 283, 284, 299, 304, 305, 310, 311, 316, 330, 331, 341, 344, 346, 347, 353, 362, 363, 364, 373, 374, 377, 383, 384, 388, 392, 393, 395], "summary": {"covered_lines": 56, "num_statements": 69, "percent_covered": 81.15942028985508, "percent_covered_display": "81", "missing_lines": 13, "excluded_lines": 0}, "missing_lines": [53, 389, 397, 398, 410, 411, 412, 413, 414, 415, 416, 420, 424], "excluded_lines": []}, "": {"executed_lines": [1, 6, 7, 8, 9, 12, 13, 18, 29, 45, 56, 62, 237, 318, 333, 355, 366, 400, 418, 422, 428, 431, 443, 444, 446, 449, 459, 460, 461, 463], "summary": {"covered_lines": 28, "num_statements": 28, "percent_covered": 100.0, "percent_covered_display": "100", "missing_lines": 0, "excluded_lines": 0}, "missing_lines": [], "excluded_lines": []}}}, "src\\hardware\\__init__.py": {"executed_lines": [1, 13, 14, 16], "summary": {"covered_lines": 3, "num_statements": 3, "percent_covered": 100.0, "percent_covered_display": "100", "missing_lines": 0, "excluded_lines": 0}, "missing_lines": [], "excluded_lines": [], "functions": {"": {"executed_lines": [1, 13, 14, 16], "summary": {"covered_lines": 3, "num_statements": 3, "percent_covered": 100.0, "percent_covered_display": "100", "missing_lines": 0, "excluded_lines": 0}, "missing_lines": [], "excluded_lines": []}}, "classes": {"": {"executed_lines": [1, 13, 14, 16], "summary": {"covered_lines": 3, "num_statements": 3, "percent_covered": 100.0, "percent_covered_display": "100", "missing_lines": 0, "excluded_lines": 0}, "missing_lines": [], "excluded_lines": []}}}, "src\\hardware\\barcode_reader.py": {"executed_lines": [1, 14, 15, 16, 18, 19, 20, 21, 26, 27, 29, 30, 31, 34, 35, 43, 58, 68, 84, 127, 190, 199, 262, 281, 305, 325, 343, 377, 378, 379, 382, 383, 384, 387, 388, 389], "summary": {"covered_lines": 31, "num_statements": 177, "percent_covered": 17.51412429378531, "percent_covered_display": "18", "missing_lines": 146, "excluded_lines": 0}, "missing_lines": [22, 23, 24, 28, 72, 73, 74, 75, 76, 79, 80, 81, 82, 91, 93, 94, 95, 97, 99, 101, 102, 104, 105, 114, 115, 117, 118, 119, 121, 122, 124, 125, 138, 139, 140, 142, 144, 146, 147, 148, 151, 152, 153, 154, 155, 156, 159, 160, 163, 164, 166, 171, 176, 177, 178, 180, 181, 182, 184, 185, 186, 187, 188, 197, 209, 210, 211, 213, 214, 215, 217, 218, 219, 221, 222, 224, 228, 230, 231, 232, 235, 236, 238, 239, 240, 242, 243, 244, 245, 246, 248, 250, 251, 252, 253, 255, 256, 258, 259, 260, 266, 267, 269, 270, 271, 272, 274, 275, 276, 277, 279, 288, 289, 291, 292, 301, 302, 303, 315, 317, 318, 319, 320, 321, 322, 323, 336, 337, 338, 339, 340, 341, 353, 355, 357, 359, 360, 361, 362, 363, 364, 366, 369, 371, 372, 374], "excluded_lines": [], "functions": {"BarcodeReader.__init__": {"executed_lines": [], "summary": {"covered_lines": 0, "num_statements": 9, "percent_covered": 0.0, "percent_covered_display": "0", "missing_lines": 9, "excluded_lines": 0}, "missing_lines": [72, 73, 74, 75, 76, 79, 80, 81, 82], "excluded_lines": []}, "BarcodeReader.detect_devices": {"executed_lines": [], "summary": {"covered_lines": 0, "num_statements": 19, "percent_covered": 0.0, "percent_covered_display": "0", "missing_lines": 19, "excluded_lines": 0}, "missing_lines": [91, 93, 94, 95, 97, 99, 101, 102, 104, 105, 114, 115, 117, 118, 119, 121, 122, 124, 125], "excluded_lines": []}, "BarcodeReader.connect": {"executed_lines": [], "summary": {"covered_lines": 0, "num_statements": 31, "percent_covered": 0.0, "percent_covered_display": "0", "missing_lines": 31, "excluded_lines": 0}, "missing_lines": [138, 139, 140, 142, 144, 146, 147, 148, 151, 152, 153, 154, 155, 156, 159, 160, 163, 164, 166, 171, 176, 177, 178, 180, 181, 182, 184, 185, 186, 187, 188], "excluded_lines": []}, "BarcodeReader.is_connected": {"executed_lines": [], "summary": {"covered_lines": 0, "num_statements": 1, "percent_covered": 0.0, "percent_covered_display": "0", "missing_lines": 1, "excluded_lines": 0}, "missing_lines": [197], "excluded_lines": []}, "BarcodeReader.read_barcode": {"executed_lines": [], "summary": {"covered_lines": 0, "num_statements": 36, "percent_covered": 0.0, "percent_covered_display": "0", "missing_lines": 36, "excluded_lines": 0}, "missing_lines": [209, 210, 211, 213, 214, 215, 217, 218, 219, 221, 222, 224, 228, 230, 231, 232, 235, 236, 238, 239, 240, 242, 243, 244, 245, 246, 248, 250, 251, 252, 253, 255, 256, 258, 259, 260], "excluded_lines": []}, "BarcodeReader.disconnect": {"executed_lines": [], "summary": {"covered_lines": 0, "num_statements": 11, "percent_covered": 0.0, "percent_covered_display": "0", "missing_lines": 11, "excluded_lines": 0}, "missing_lines": [266, 267, 269, 270, 271, 272, 274, 275, 276, 277, 279], "excluded_lines": []}, "BarcodeReader.get_device_info": {"executed_lines": [], "summary": {"covered_lines": 0, "num_statements": 7, "percent_covered": 0.0, "percent_covered_display": "0", "missing_lines": 7, "excluded_lines": 0}, "missing_lines": [288, 289, 291, 292, 301, 302, 303], "excluded_lines": []}, "BarcodeReader._is_hid_device": {"executed_lines": [], "summary": {"covered_lines": 0, "num_statements": 8, "percent_covered": 0.0, "percent_covered_display": "0", "missing_lines": 8, "excluded_lines": 0}, "missing_lines": [315, 317, 318, 319, 320, 321, 322, 323], "excluded_lines": []}, "BarcodeReader._get_string_descriptor": {"executed_lines": [], "summary": {"covered_lines": 0, "num_statements": 6, "percent_covered": 0.0, "percent_covered_display": "0", "missing_lines": 6, "excluded_lines": 0}, "missing_lines": [336, 337, 338, 339, 340, 341], "excluded_lines": []}, "BarcodeReader._process_hid_data": {"executed_lines": [], "summary": {"covered_lines": 0, "num_statements": 14, "percent_covered": 0.0, "percent_covered_display": "0", "missing_lines": 14, "excluded_lines": 0}, "missing_lines": [353, 355, 357, 359, 360, 361, 362, 363, 364, 366, 369, 371, 372, 374], "excluded_lines": []}, "": {"executed_lines": [1, 14, 15, 16, 18, 19, 20, 21, 26, 27, 29, 30, 31, 34, 35, 43, 58, 68, 84, 127, 190, 199, 262, 281, 305, 325, 343, 377, 378, 379, 382, 383, 384, 387, 388, 389], "summary": {"covered_lines": 31, "num_statements": 35, "percent_covered": 88.57142857142857, "percent_covered_display": "89", "missing_lines": 4, "excluded_lines": 0}, "missing_lines": [22, 23, 24, 28], "excluded_lines": []}}, "classes": {"BarcodeReader": {"executed_lines": [], "summary": {"covered_lines": 0, "num_statements": 142, "percent_covered": 0.0, "percent_covered_display": "0", "missing_lines": 142, "excluded_lines": 0}, "missing_lines": [72, 73, 74, 75, 76, 79, 80, 81, 82, 91, 93, 94, 95, 97, 99, 101, 102, 104, 105, 114, 115, 117, 118, 119, 121, 122, 124, 125, 138, 139, 140, 142, 144, 146, 147, 148, 151, 152, 153, 154, 155, 156, 159, 160, 163, 164, 166, 171, 176, 177, 178, 180, 181, 182, 184, 185, 186, 187, 188, 197, 209, 210, 211, 213, 214, 215, 217, 218, 219, 221, 222, 224, 228, 230, 231, 232, 235, 236, 238, 239, 240, 242, 243, 244, 245, 246, 248, 250, 251, 252, 253, 255, 256, 258, 259, 260, 266, 267, 269, 270, 271, 272, 274, 275, 276, 277, 279, 288, 289, 291, 292, 301, 302, 303, 315, 317, 318, 319, 320, 321, 322, 323, 336, 337, 338, 339, 340, 341, 353, 355, 357, 359, 360, 361, 362, 363, 364, 366, 369, 371, 372, 374], "excluded_lines": []}, "BarcodeReaderError": {"executed_lines": [], "summary": {"covered_lines": 0, "num_statements": 0, "percent_covered": 100.0, "percent_covered_display": "100", "missing_lines": 0, "excluded_lines": 0}, "missing_lines": [], "excluded_lines": []}, "BarcodeReaderTimeoutError": {"executed_lines": [], "summary": {"covered_lines": 0, "num_statements": 0, "percent_covered": 100.0, "percent_covered_display": "100", "missing_lines": 0, "excluded_lines": 0}, "missing_lines": [], "excluded_lines": []}, "BarcodeReaderConnectionError": {"executed_lines": [], "summary": {"covered_lines": 0, "num_statements": 0, "percent_covered": 100.0, "percent_covered_display": "100", "missing_lines": 0, "excluded_lines": 0}, "missing_lines": [], "excluded_lines": []}, "": {"executed_lines": [1, 14, 15, 16, 18, 19, 20, 21, 26, 27, 29, 30, 31, 34, 35, 43, 58, 68, 84, 127, 190, 199, 262, 281, 305, 325, 343, 377, 378, 379, 382, 383, 384, 387, 388, 389], "summary": {"covered_lines": 31, "num_statements": 35, "percent_covered": 88.57142857142857, "percent_covered_display": "89", "missing_lines": 4, "excluded_lines": 0}, "missing_lines": [22, 23, 24, 28], "excluded_lines": []}}}, "src\\hardware\\device_manager.py": {"executed_lines": [1, 13, 14, 15, 16, 18, 20, 21, 28, 32, 33, 34, 35, 37, 39, 80, 87, 88, 89, 96, 98, 141, 176, 190, 231, 244, 283, 299, 324, 349, 350, 351, 354, 355, 356, 359, 360, 361, 364, 365, 366], "summary": {"covered_lines": 35, "num_statements": 152, "percent_covered": 23.026315789473685, "percent_covered_display": "23", "missing_lines": 117, "excluded_lines": 0}, "missing_lines": [46, 47, 49, 50, 53, 54, 55, 56, 70, 71, 73, 74, 76, 77, 78, 90, 92, 93, 94, 108, 109, 111, 112, 113, 116, 117, 118, 121, 122, 123, 126, 127, 128, 129, 131, 132, 134, 135, 137, 138, 139, 151, 152, 154, 155, 156, 159, 160, 163, 166, 167, 169, 170, 172, 173, 174, 180, 181, 182, 183, 184, 185, 186, 188, 201, 202, 204, 205, 206, 209, 214, 215, 216, 219, 220, 221, 222, 224, 225, 227, 228, 229, 241, 242, 254, 255, 257, 258, 259, 262, 263, 265, 267, 268, 275, 277, 279, 280, 281, 290, 291, 292, 293, 294, 295, 297, 306, 307, 308, 311, 312, 313, 314, 316, 335, 344, 346], "excluded_lines": [], "functions": {"DeviceManager.__init__": {"executed_lines": [32, 33, 34, 35, 37], "summary": {"covered_lines": 5, "num_statements": 5, "percent_covered": 100.0, "percent_covered_display": "100", "missing_lines": 0, "excluded_lines": 0}, "missing_lines": [], "excluded_lines": []}, "DeviceManager.scan_devices": {"executed_lines": [], "summary": {"covered_lines": 0, "num_statements": 15, "percent_covered": 0.0, "percent_covered_display": "0", "missing_lines": 15, "excluded_lines": 0}, "missing_lines": [46, 47, 49, 50, 53, 54, 55, 56, 70, 71, 73, 74, 76, 77, 78], "excluded_lines": []}, "DeviceManager.get_connected_devices": {"executed_lines": [87, 88, 89, 96], "summary": {"covered_lines": 4, "num_statements": 8, "percent_covered": 50.0, "percent_covered_display": "50", "missing_lines": 4, "excluded_lines": 0}, "missing_lines": [90, 92, 93, 94], "excluded_lines": []}, "DeviceManager.connect_device": {"executed_lines": [], "summary": {"covered_lines": 0, "num_statements": 22, "percent_covered": 0.0, "percent_covered_display": "0", "missing_lines": 22, "excluded_lines": 0}, "missing_lines": [108, 109, 111, 112, 113, 116, 117, 118, 121, 122, 123, 126, 127, 128, 129, 131, 132, 134, 135, 137, 138, 139], "excluded_lines": []}, "DeviceManager.disconnect_device": {"executed_lines": [], "summary": {"covered_lines": 0, "num_statements": 15, "percent_covered": 0.0, "percent_covered_display": "0", "missing_lines": 15, "excluded_lines": 0}, "missing_lines": [151, 152, 154, 155, 156, 159, 160, 163, 166, 167, 169, 170, 172, 173, 174], "excluded_lines": []}, "DeviceManager.disconnect_all": {"executed_lines": [], "summary": {"covered_lines": 0, "num_statements": 8, "percent_covered": 0.0, "percent_covered_display": "0", "missing_lines": 8, "excluded_lines": 0}, "missing_lines": [180, 181, 182, 183, 184, 185, 186, 188], "excluded_lines": []}, "DeviceManager.read_from_device": {"executed_lines": [], "summary": {"covered_lines": 0, "num_statements": 18, "percent_covered": 0.0, "percent_covered_display": "0", "missing_lines": 18, "excluded_lines": 0}, "missing_lines": [201, 202, 204, 205, 206, 209, 214, 215, 216, 219, 220, 221, 222, 224, 225, 227, 228, 229], "excluded_lines": []}, "DeviceManager.is_device_connected": {"executed_lines": [], "summary": {"covered_lines": 0, "num_statements": 2, "percent_covered": 0.0, "percent_covered_display": "0", "missing_lines": 2, "excluded_lines": 0}, "missing_lines": [241, 242], "excluded_lines": []}, "DeviceManager.get_device_info": {"executed_lines": [], "summary": {"covered_lines": 0, "num_statements": 15, "percent_covered": 0.0, "percent_covered_display": "0", "missing_lines": 15, "excluded_lines": 0}, "missing_lines": [254, 255, 257, 258, 259, 262, 263, 265, 267, 268, 275, 277, 279, 280, 281], "excluded_lines": []}, "DeviceManager.get_available_devices": {"executed_lines": [], "summary": {"covered_lines": 0, "num_statements": 7, "percent_covered": 0.0, "percent_covered_display": "0", "missing_lines": 7, "excluded_lines": 0}, "missing_lines": [290, 291, 292, 293, 294, 295, 297], "excluded_lines": []}, "DeviceManager.get_device_statistics": {"executed_lines": [], "summary": {"covered_lines": 0, "num_statements": 8, "percent_covered": 0.0, "percent_covered_display": "0", "missing_lines": 8, "excluded_lines": 0}, "missing_lines": [306, 307, 308, 311, 312, 313, 314, 316], "excluded_lines": []}, "DeviceManager._generate_device_id": {"executed_lines": [], "summary": {"covered_lines": 0, "num_statements": 3, "percent_covered": 0.0, "percent_covered_display": "0", "missing_lines": 3, "excluded_lines": 0}, "missing_lines": [335, 344, 346], "excluded_lines": []}, "": {"executed_lines": [1, 13, 14, 15, 16, 18, 20, 21, 28, 39, 80, 98, 141, 176, 190, 231, 244, 283, 299, 324, 349, 350, 351, 354, 355, 356, 359, 360, 361, 364, 365, 366], "summary": {"covered_lines": 26, "num_statements": 26, "percent_covered": 100.0, "percent_covered_display": "100", "missing_lines": 0, "excluded_lines": 0}, "missing_lines": [], "excluded_lines": []}}, "classes": {"DeviceManager": {"executed_lines": [32, 33, 34, 35, 37, 87, 88, 89, 96], "summary": {"covered_lines": 9, "num_statements": 126, "percent_covered": 7.142857142857143, "percent_covered_display": "7", "missing_lines": 117, "excluded_lines": 0}, "missing_lines": [46, 47, 49, 50, 53, 54, 55, 56, 70, 71, 73, 74, 76, 77, 78, 90, 92, 93, 94, 108, 109, 111, 112, 113, 116, 117, 118, 121, 122, 123, 126, 127, 128, 129, 131, 132, 134, 135, 137, 138, 139, 151, 152, 154, 155, 156, 159, 160, 163, 166, 167, 169, 170, 172, 173, 174, 180, 181, 182, 183, 184, 185, 186, 188, 201, 202, 204, 205, 206, 209, 214, 215, 216, 219, 220, 221, 222, 224, 225, 227, 228, 229, 241, 242, 254, 255, 257, 258, 259, 262, 263, 265, 267, 268, 275, 277, 279, 280, 281, 290, 291, 292, 293, 294, 295, 297, 306, 307, 308, 311, 312, 313, 314, 316, 335, 344, 346], "excluded_lines": []}, "DeviceManagerError": {"executed_lines": [], "summary": {"covered_lines": 0, "num_statements": 0, "percent_covered": 100.0, "percent_covered_display": "100", "missing_lines": 0, "excluded_lines": 0}, "missing_lines": [], "excluded_lines": []}, "DeviceNotFoundError": {"executed_lines": [], "summary": {"covered_lines": 0, "num_statements": 0, "percent_covered": 100.0, "percent_covered_display": "100", "missing_lines": 0, "excluded_lines": 0}, "missing_lines": [], "excluded_lines": []}, "DeviceConnectionError": {"executed_lines": [], "summary": {"covered_lines": 0, "num_statements": 0, "percent_covered": 100.0, "percent_covered_display": "100", "missing_lines": 0, "excluded_lines": 0}, "missing_lines": [], "excluded_lines": []}, "DeviceOperationError": {"executed_lines": [], "summary": {"covered_lines": 0, "num_statements": 0, "percent_covered": 100.0, "percent_covered_display": "100", "missing_lines": 0, "excluded_lines": 0}, "missing_lines": [], "excluded_lines": []}, "": {"executed_lines": [1, 13, 14, 15, 16, 18, 20, 21, 28, 39, 80, 98, 141, 176, 190, 231, 244, 283, 299, 324, 349, 350, 351, 354, 355, 356, 359, 360, 361, 364, 365, 366], "summary": {"covered_lines": 26, "num_statements": 26, "percent_covered": 100.0, "percent_covered_display": "100", "missing_lines": 0, "excluded_lines": 0}, "missing_lines": [], "excluded_lines": []}}}, "src\\helpers\\__init__.py": {"executed_lines": [1, 27, 28, 29, 31, 39], "summary": {"covered_lines": 5, "num_statements": 5, "percent_covered": 100.0, "percent_covered_display": "100", "missing_lines": 0, "excluded_lines": 0}, "missing_lines": [], "excluded_lines": [], "functions": {"": {"executed_lines": [1, 27, 28, 29, 31, 39], "summary": {"covered_lines": 5, "num_statements": 5, "percent_covered": 100.0, "percent_covered_display": "100", "missing_lines": 0, "excluded_lines": 0}, "missing_lines": [], "excluded_lines": []}}, "classes": {"": {"executed_lines": [1, 27, 28, 29, 31, 39], "summary": {"covered_lines": 5, "num_statements": 5, "percent_covered": 100.0, "percent_covered_display": "100", "missing_lines": 0, "excluded_lines": 0}, "missing_lines": [], "excluded_lines": []}}}, "src\\helpers\\database_helper.py": {"executed_lines": [1, 12, 13, 14, 15, 18, 19, 21, 28, 29, 31, 44, 45, 47, 48, 50, 52, 53, 54, 56, 57, 58, 63, 64, 65, 67, 78, 79, 81, 82, 86, 89, 90, 92, 94, 95, 96, 97, 99, 100, 109, 110, 111, 112, 113, 114, 115, 116, 117, 119, 129, 130, 131, 133, 134, 135, 137, 139, 141, 142, 143, 145, 155, 156, 158, 168, 172, 173, 175, 188, 190, 191, 193, 194, 196, 209, 210, 212, 219, 220, 221, 222, 223, 224, 226, 233, 234, 235, 236, 237, 238, 239, 240, 241, 243, 254, 255, 257, 259, 260, 263, 264, 265, 270, 271, 272], "summary": {"covered_lines": 104, "num_statements": 108, "percent_covered": 96.29629629629629, "percent_covered_display": "96", "missing_lines": 4, "excluded_lines": 0}, "missing_lines": [60, 61, 84, 268], "excluded_lines": [], "functions": {"DatabaseHelper.__init__": {"executed_lines": [28, 29], "summary": {"covered_lines": 2, "num_statements": 2, "percent_covered": 100.0, "percent_covered_display": "100", "missing_lines": 0, "excluded_lines": 0}, "missing_lines": [], "excluded_lines": []}, "DatabaseHelper.safe_execute": {"executed_lines": [44, 45, 47, 48, 50, 52, 53, 54, 56, 57, 58, 63, 64, 65], "summary": {"covered_lines": 14, "num_statements": 16, "percent_covered": 87.5, "percent_covered_display": "88", "missing_lines": 2, "excluded_lines": 0}, "missing_lines": [60, 61], "excluded_lines": []}, "DatabaseHelper.safe_execute_with_commit": {"executed_lines": [78, 79, 81, 82, 86, 89, 90, 92, 94, 95, 96, 97], "summary": {"covered_lines": 12, "num_statements": 13, "percent_covered": 92.3076923076923, "percent_covered_display": "92", "missing_lines": 1, "excluded_lines": 0}, "missing_lines": [84], "excluded_lines": []}, "DatabaseHelper.transaction": {"executed_lines": [109, 110, 111, 112, 113, 114, 115, 116, 117], "summary": {"covered_lines": 9, "num_statements": 9, "percent_covered": 100.0, "percent_covered_display": "100", "missing_lines": 0, "excluded_lines": 0}, "missing_lines": [], "excluded_lines": []}, "DatabaseHelper.execute_batch": {"executed_lines": [129, 130, 131, 133, 134, 135, 137, 139, 141, 142, 143], "summary": {"covered_lines": 11, "num_statements": 11, "percent_covered": 100.0, "percent_covered_display": "100", "missing_lines": 0, "excluded_lines": 0}, "missing_lines": [], "excluded_lines": []}, "DatabaseHelper.get_table_info": {"executed_lines": [155, 156], "summary": {"covered_lines": 2, "num_statements": 2, "percent_covered": 100.0, "percent_covered_display": "100", "missing_lines": 0, "excluded_lines": 0}, "missing_lines": [], "excluded_lines": []}, "DatabaseHelper.table_exists": {"executed_lines": [168, 172, 173], "summary": {"covered_lines": 3, "num_statements": 3, "percent_covered": 100.0, "percent_covered_display": "100", "missing_lines": 0, "excluded_lines": 0}, "missing_lines": [], "excluded_lines": []}, "DatabaseHelper.count_records": {"executed_lines": [188, 190, 191, 193, 194], "summary": {"covered_lines": 5, "num_statements": 5, "percent_covered": 100.0, "percent_covered_display": "100", "missing_lines": 0, "excluded_lines": 0}, "missing_lines": [], "excluded_lines": []}, "DatabaseHelper.record_exists": {"executed_lines": [209, 210], "summary": {"covered_lines": 2, "num_statements": 2, "percent_covered": 100.0, "percent_covered_display": "100", "missing_lines": 0, "excluded_lines": 0}, "missing_lines": [], "excluded_lines": []}, "DatabaseHelper.get_last_insert_id": {"executed_lines": [219, 220, 221, 222, 223, 224], "summary": {"covered_lines": 6, "num_statements": 6, "percent_covered": 100.0, "percent_covered_display": "100", "missing_lines": 0, "excluded_lines": 0}, "missing_lines": [], "excluded_lines": []}, "DatabaseHelper.optimize_database": {"executed_lines": [233, 234, 235, 236, 237, 238, 239, 240, 241], "summary": {"covered_lines": 9, "num_statements": 9, "percent_covered": 100.0, "percent_covered_display": "100", "missing_lines": 0, "excluded_lines": 0}, "missing_lines": [], "excluded_lines": []}, "DatabaseHelper._row_to_dict": {"executed_lines": [254, 255, 257, 259, 260, 263, 264, 265, 270, 271, 272], "summary": {"covered_lines": 11, "num_statements": 12, "percent_covered": 91.66666666666667, "percent_covered_display": "92", "missing_lines": 1, "excluded_lines": 0}, "missing_lines": [268], "excluded_lines": []}, "": {"executed_lines": [1, 12, 13, 14, 15, 18, 19, 21, 31, 67, 99, 100, 119, 145, 158, 175, 196, 212, 226, 243], "summary": {"covered_lines": 18, "num_statements": 18, "percent_covered": 100.0, "percent_covered_display": "100", "missing_lines": 0, "excluded_lines": 0}, "missing_lines": [], "excluded_lines": []}}, "classes": {"DatabaseHelper": {"executed_lines": [28, 29, 44, 45, 47, 48, 50, 52, 53, 54, 56, 57, 58, 63, 64, 65, 78, 79, 81, 82, 86, 89, 90, 92, 94, 95, 96, 97, 109, 110, 111, 112, 113, 114, 115, 116, 117, 129, 130, 131, 133, 134, 135, 137, 139, 141, 142, 143, 155, 156, 168, 172, 173, 188, 190, 191, 193, 194, 209, 210, 219, 220, 221, 222, 223, 224, 233, 234, 235, 236, 237, 238, 239, 240, 241, 254, 255, 257, 259, 260, 263, 264, 265, 270, 271, 272], "summary": {"covered_lines": 86, "num_statements": 90, "percent_covered": 95.55555555555556, "percent_covered_display": "96", "missing_lines": 4, "excluded_lines": 0}, "missing_lines": [60, 61, 84, 268], "excluded_lines": []}, "": {"executed_lines": [1, 12, 13, 14, 15, 18, 19, 21, 31, 67, 99, 100, 119, 145, 158, 175, 196, 212, 226, 243], "summary": {"covered_lines": 18, "num_statements": 18, "percent_covered": 100.0, "percent_covered_display": "100", "missing_lines": 0, "excluded_lines": 0}, "missing_lines": [], "excluded_lines": []}}}, "src\\helpers\\logging_helper.py": {"executed_lines": [1, 12, 13, 14, 15, 16, 17, 20, 21, 23, 24, 26, 27, 40, 41, 44, 47, 48, 51, 57, 63, 64, 67, 68, 69, 72, 73, 75, 78, 80, 81, 91, 94, 96, 97, 98, 100, 102, 103, 113, 116, 118, 119, 120, 122, 124, 125, 132, 133, 135, 137, 138, 139, 141, 143, 144, 153, 155, 162, 164, 165, 175, 177, 184, 185, 187, 188, 190, 192, 193, 205, 207, 215, 217, 218, 228, 235, 237, 238, 248, 250, 258, 259, 261, 263, 264, 272, 274, 280, 282, 283, 285, 292, 293, 295, 302, 303, 310, 317, 320, 321, 323, 333, 334, 335, 336, 338, 340, 341, 342, 344, 346, 348, 350, 351, 354], "summary": {"covered_lines": 113, "num_statements": 115, "percent_covered": 98.26086956521739, "percent_covered_display": "98", "missing_lines": 2, "excluded_lines": 0}, "missing_lines": [92, 114], "excluded_lines": [], "functions": {"LoggingHelper.setup_logging": {"executed_lines": [40, 41, 44, 47, 48, 51, 57, 63, 64, 67, 68, 69, 72, 73, 75, 78], "summary": {"covered_lines": 16, "num_statements": 16, "percent_covered": 100.0, "percent_covered_display": "100", "missing_lines": 0, "excluded_lines": 0}, "missing_lines": [], "excluded_lines": []}, "LoggingHelper.get_service_logger": {"executed_lines": [91, 94, 96, 97, 98, 100], "summary": {"covered_lines": 6, "num_statements": 7, "percent_covered": 85.71428571428571, "percent_covered_display": "86", "missing_lines": 1, "excluded_lines": 0}, "missing_lines": [92], "excluded_lines": []}, "LoggingHelper.get_ui_logger": {"executed_lines": [113, 116, 118, 119, 120, 122], "summary": {"covered_lines": 6, "num_statements": 7, "percent_covered": 85.71428571428571, "percent_covered_display": "86", "missing_lines": 1, "excluded_lines": 0}, "missing_lines": [114], "excluded_lines": []}, "LoggingHelper.get_system_logger": {"executed_lines": [132, 133, 135, 137, 138, 139, 141], "summary": {"covered_lines": 7, "num_statements": 7, "percent_covered": 100.0, "percent_covered_display": "100", "missing_lines": 0, "excluded_lines": 0}, "missing_lines": [], "excluded_lines": []}, "LoggingHelper.log_user_action": {"executed_lines": [153, 155, 162], "summary": {"covered_lines": 3, "num_statements": 3, "percent_covered": 100.0, "percent_covered_display": "100", "missing_lines": 0, "excluded_lines": 0}, "missing_lines": [], "excluded_lines": []}, "LoggingHelper.log_authentication_attempt": {"executed_lines": [175, 177, 184, 185, 187, 188, 190], "summary": {"covered_lines": 7, "num_statements": 7, "percent_covered": 100.0, "percent_covered_display": "100", "missing_lines": 0, "excluded_lines": 0}, "missing_lines": [], "excluded_lines": []}, "LoggingHelper.log_database_operation": {"executed_lines": [205, 207, 215], "summary": {"covered_lines": 3, "num_statements": 3, "percent_covered": 100.0, "percent_covered_display": "100", "missing_lines": 0, "excluded_lines": 0}, "missing_lines": [], "excluded_lines": []}, "LoggingHelper.log_error_with_context": {"executed_lines": [228, 235], "summary": {"covered_lines": 2, "num_statements": 2, "percent_covered": 100.0, "percent_covered_display": "100", "missing_lines": 0, "excluded_lines": 0}, "missing_lines": [], "excluded_lines": []}, "LoggingHelper.log_performance_metrics": {"executed_lines": [248, 250, 258, 259, 261], "summary": {"covered_lines": 5, "num_statements": 5, "percent_covered": 100.0, "percent_covered_display": "100", "missing_lines": 0, "excluded_lines": 0}, "missing_lines": [], "excluded_lines": []}, "LoggingHelper.log_business_rule_violation": {"executed_lines": [272, 274, 280], "summary": {"covered_lines": 3, "num_statements": 3, "percent_covered": 100.0, "percent_covered_display": "100", "missing_lines": 0, "excluded_lines": 0}, "missing_lines": [], "excluded_lines": []}, "LoggingHelper.configure_for_production": {"executed_lines": [285], "summary": {"covered_lines": 1, "num_statements": 1, "percent_covered": 100.0, "percent_covered_display": "100", "missing_lines": 0, "excluded_lines": 0}, "missing_lines": [], "excluded_lines": []}, "LoggingHelper.configure_for_development": {"executed_lines": [295], "summary": {"covered_lines": 1, "num_statements": 1, "percent_covered": 100.0, "percent_covered_display": "100", "missing_lines": 0, "excluded_lines": 0}, "missing_lines": [], "excluded_lines": []}, "LoggingHelper.get_log_statistics": {"executed_lines": [310, 317], "summary": {"covered_lines": 2, "num_statements": 2, "percent_covered": 100.0, "percent_covered_display": "100", "missing_lines": 0, "excluded_lines": 0}, "missing_lines": [], "excluded_lines": []}, "LoggingContext.__init__": {"executed_lines": [333, 334, 335, 336], "summary": {"covered_lines": 4, "num_statements": 4, "percent_covered": 100.0, "percent_covered_display": "100", "missing_lines": 0, "excluded_lines": 0}, "missing_lines": [], "excluded_lines": []}, "LoggingContext.__enter__": {"executed_lines": [340, 341, 342], "summary": {"covered_lines": 3, "num_statements": 3, "percent_covered": 100.0, "percent_covered_display": "100", "missing_lines": 0, "excluded_lines": 0}, "missing_lines": [], "excluded_lines": []}, "LoggingContext.__exit__": {"executed_lines": [346, 348, 350, 351, 354], "summary": {"covered_lines": 5, "num_statements": 5, "percent_covered": 100.0, "percent_covered_display": "100", "missing_lines": 0, "excluded_lines": 0}, "missing_lines": [], "excluded_lines": []}, "": {"executed_lines": [1, 12, 13, 14, 15, 16, 17, 20, 21, 23, 24, 26, 27, 80, 81, 102, 103, 124, 125, 143, 144, 164, 165, 192, 193, 217, 218, 237, 238, 263, 264, 282, 283, 292, 293, 302, 303, 320, 321, 323, 338, 344], "summary": {"covered_lines": 39, "num_statements": 39, "percent_covered": 100.0, "percent_covered_display": "100", "missing_lines": 0, "excluded_lines": 0}, "missing_lines": [], "excluded_lines": []}}, "classes": {"LoggingHelper": {"executed_lines": [40, 41, 44, 47, 48, 51, 57, 63, 64, 67, 68, 69, 72, 73, 75, 78, 91, 94, 96, 97, 98, 100, 113, 116, 118, 119, 120, 122, 132, 133, 135, 137, 138, 139, 141, 153, 155, 162, 175, 177, 184, 185, 187, 188, 190, 205, 207, 215, 228, 235, 248, 250, 258, 259, 261, 272, 274, 280, 285, 295, 310, 317], "summary": {"covered_lines": 62, "num_statements": 64, "percent_covered": 96.875, "percent_covered_display": "97", "missing_lines": 2, "excluded_lines": 0}, "missing_lines": [92, 114], "excluded_lines": []}, "LoggingContext": {"executed_lines": [333, 334, 335, 336, 340, 341, 342, 346, 348, 350, 351, 354], "summary": {"covered_lines": 12, "num_statements": 12, "percent_covered": 100.0, "percent_covered_display": "100", "missing_lines": 0, "excluded_lines": 0}, "missing_lines": [], "excluded_lines": []}, "": {"executed_lines": [1, 12, 13, 14, 15, 16, 17, 20, 21, 23, 24, 26, 27, 80, 81, 102, 103, 124, 125, 143, 144, 164, 165, 192, 193, 217, 218, 237, 238, 263, 264, 282, 283, 292, 293, 302, 303, 320, 321, 323, 338, 344], "summary": {"covered_lines": 39, "num_statements": 39, "percent_covered": 100.0, "percent_covered_display": "100", "missing_lines": 0, "excluded_lines": 0}, "missing_lines": [], "excluded_lines": []}}}, "src\\helpers\\validation_helper.py": {"executed_lines": [1, 12, 13, 14, 15, 18, 19, 21, 23, 26, 27, 28, 30, 40, 41, 43, 45, 55, 62, 63, 64, 67, 77, 80, 81, 83, 84, 86, 87, 89, 90, 92, 93, 95, 96, 99, 105, 107, 117, 118, 120, 130, 131, 133, 135, 145, 146, 148, 150, 163, 164, 166, 167, 169, 170, 172, 174, 177, 187, 188, 189, 190, 191, 193, 204, 205, 207, 209, 219, 225, 226, 227, 230, 231, 232, 234, 235, 236, 239, 240, 241, 244, 245, 246, 248, 249, 251, 261, 267, 268, 269, 272, 273, 274, 276, 277, 279, 290, 291, 294, 297, 298, 300, 302, 312, 313, 316, 319, 320, 323, 324, 326, 336, 343, 345, 356, 364, 365, 366, 368, 369, 371, 376, 377, 379, 390, 391, 394, 395, 396, 397, 400, 401, 404, 406, 407, 409, 419, 420, 422, 423, 424, 425, 426, 428, 430, 431, 433, 444, 445, 447], "summary": {"covered_lines": 149, "num_statements": 152, "percent_covered": 98.02631578947368, "percent_covered_display": "98", "missing_lines": 3, "excluded_lines": 0}, "missing_lines": [175, 373, 374], "excluded_lines": [], "functions": {"ValidationHelper.__init__": {"executed_lines": [23, 26, 27, 28], "summary": {"covered_lines": 4, "num_statements": 4, "percent_covered": 100.0, "percent_covered_display": "100", "missing_lines": 0, "excluded_lines": 0}, "missing_lines": [], "excluded_lines": []}, "ValidationHelper.validate_username": {"executed_lines": [40, 41, 43], "summary": {"covered_lines": 3, "num_statements": 3, "percent_covered": 100.0, "percent_covered_display": "100", "missing_lines": 0, "excluded_lines": 0}, "missing_lines": [], "excluded_lines": []}, "ValidationHelper.validate_password_strength": {"executed_lines": [55, 62, 63, 64, 67, 77, 80, 81, 83, 84, 86, 87, 89, 90, 92, 93, 95, 96, 99, 105], "summary": {"covered_lines": 20, "num_statements": 20, "percent_covered": 100.0, "percent_covered_display": "100", "missing_lines": 0, "excluded_lines": 0}, "missing_lines": [], "excluded_lines": []}, "ValidationHelper.validate_role": {"executed_lines": [117, 118], "summary": {"covered_lines": 2, "num_statements": 2, "percent_covered": 100.0, "percent_covered_display": "100", "missing_lines": 0, "excluded_lines": 0}, "missing_lines": [], "excluded_lines": []}, "ValidationHelper.validate_email": {"executed_lines": [130, 131, 133], "summary": {"covered_lines": 3, "num_statements": 3, "percent_covered": 100.0, "percent_covered_display": "100", "missing_lines": 0, "excluded_lines": 0}, "missing_lines": [], "excluded_lines": []}, "ValidationHelper.validate_phone": {"executed_lines": [145, 146, 148], "summary": {"covered_lines": 3, "num_statements": 3, "percent_covered": 100.0, "percent_covered_display": "100", "missing_lines": 0, "excluded_lines": 0}, "missing_lines": [], "excluded_lines": []}, "ValidationHelper.validate_decimal_range": {"executed_lines": [163, 164, 166, 167, 169, 170, 172, 174], "summary": {"covered_lines": 8, "num_statements": 9, "percent_covered": 88.88888888888889, "percent_covered_display": "89", "missing_lines": 1, "excluded_lines": 0}, "missing_lines": [175], "excluded_lines": []}, "ValidationHelper.validate_positive_integer": {"executed_lines": [187, 188, 189, 190, 191], "summary": {"covered_lines": 5, "num_statements": 5, "percent_covered": 100.0, "percent_covered_display": "100", "missing_lines": 0, "excluded_lines": 0}, "missing_lines": [], "excluded_lines": []}, "ValidationHelper.validate_non_empty_string": {"executed_lines": [204, 205, 207], "summary": {"covered_lines": 3, "num_statements": 3, "percent_covered": 100.0, "percent_covered_display": "100", "missing_lines": 0, "excluded_lines": 0}, "missing_lines": [], "excluded_lines": []}, "ValidationHelper.validate_product_data": {"executed_lines": [219, 225, 226, 227, 230, 231, 232, 234, 235, 236, 239, 240, 241, 244, 245, 246, 248, 249], "summary": {"covered_lines": 18, "num_statements": 18, "percent_covered": 100.0, "percent_covered_display": "100", "missing_lines": 0, "excluded_lines": 0}, "missing_lines": [], "excluded_lines": []}, "ValidationHelper.validate_category_data": {"executed_lines": [261, 267, 268, 269, 272, 273, 274, 276, 277], "summary": {"covered_lines": 9, "num_statements": 9, "percent_covered": 100.0, "percent_covered_display": "100", "missing_lines": 0, "excluded_lines": 0}, "missing_lines": [], "excluded_lines": []}, "ValidationHelper.sanitize_string": {"executed_lines": [290, 291, 294, 297, 298, 300], "summary": {"covered_lines": 6, "num_statements": 6, "percent_covered": 100.0, "percent_covered_display": "100", "missing_lines": 0, "excluded_lines": 0}, "missing_lines": [], "excluded_lines": []}, "ValidationHelper.validate_barcode_format": {"executed_lines": [312, 313, 316, 319, 320, 323, 324], "summary": {"covered_lines": 7, "num_statements": 7, "percent_covered": 100.0, "percent_covered_display": "100", "missing_lines": 0, "excluded_lines": 0}, "missing_lines": [], "excluded_lines": []}, "ValidationHelper._is_common_password": {"executed_lines": [336, 343], "summary": {"covered_lines": 2, "num_statements": 2, "percent_covered": 100.0, "percent_covered_display": "100", "missing_lines": 0, "excluded_lines": 0}, "missing_lines": [], "excluded_lines": []}, "ValidationHelper.validate_batch_data": {"executed_lines": [356, 364, 365, 366, 368, 369, 371, 376, 377], "summary": {"covered_lines": 9, "num_statements": 11, "percent_covered": 81.81818181818181, "percent_covered_display": "82", "missing_lines": 2, "excluded_lines": 0}, "missing_lines": [373, 374], "excluded_lines": []}, "ValidationHelper.validate_date_range": {"executed_lines": [390, 391, 394, 395, 396, 397, 400, 401, 404, 406, 407], "summary": {"covered_lines": 11, "num_statements": 11, "percent_covered": 100.0, "percent_covered_display": "100", "missing_lines": 0, "excluded_lines": 0}, "missing_lines": [], "excluded_lines": []}, "ValidationHelper.validate_date": {"executed_lines": [419, 420, 422, 423, 424, 425, 426, 428, 430, 431], "summary": {"covered_lines": 10, "num_statements": 10, "percent_covered": 100.0, "percent_covered_display": "100", "missing_lines": 0, "excluded_lines": 0}, "missing_lines": [], "excluded_lines": []}, "ValidationHelper.validate_list_items": {"executed_lines": [444, 445, 447], "summary": {"covered_lines": 3, "num_statements": 3, "percent_covered": 100.0, "percent_covered_display": "100", "missing_lines": 0, "excluded_lines": 0}, "missing_lines": [], "excluded_lines": []}, "": {"executed_lines": [1, 12, 13, 14, 15, 18, 19, 21, 30, 45, 107, 120, 135, 150, 177, 193, 209, 251, 279, 302, 326, 345, 379, 409, 433], "summary": {"covered_lines": 23, "num_statements": 23, "percent_covered": 100.0, "percent_covered_display": "100", "missing_lines": 0, "excluded_lines": 0}, "missing_lines": [], "excluded_lines": []}}, "classes": {"ValidationHelper": {"executed_lines": [23, 26, 27, 28, 40, 41, 43, 55, 62, 63, 64, 67, 77, 80, 81, 83, 84, 86, 87, 89, 90, 92, 93, 95, 96, 99, 105, 117, 118, 130, 131, 133, 145, 146, 148, 163, 164, 166, 167, 169, 170, 172, 174, 187, 188, 189, 190, 191, 204, 205, 207, 219, 225, 226, 227, 230, 231, 232, 234, 235, 236, 239, 240, 241, 244, 245, 246, 248, 249, 261, 267, 268, 269, 272, 273, 274, 276, 277, 290, 291, 294, 297, 298, 300, 312, 313, 316, 319, 320, 323, 324, 336, 343, 356, 364, 365, 366, 368, 369, 371, 376, 377, 390, 391, 394, 395, 396, 397, 400, 401, 404, 406, 407, 419, 420, 422, 423, 424, 425, 426, 428, 430, 431, 444, 445, 447], "summary": {"covered_lines": 126, "num_statements": 129, "percent_covered": 97.67441860465117, "percent_covered_display": "98", "missing_lines": 3, "excluded_lines": 0}, "missing_lines": [175, 373, 374], "excluded_lines": []}, "": {"executed_lines": [1, 12, 13, 14, 15, 18, 19, 21, 30, 45, 107, 120, 135, 150, 177, 193, 209, 251, 279, 302, 326, 345, 379, 409, 433], "summary": {"covered_lines": 23, "num_statements": 23, "percent_covered": 100.0, "percent_covered_display": "100", "missing_lines": 0, "excluded_lines": 0}, "missing_lines": [], "excluded_lines": []}}}, "src\\models\\__init__.py": {"executed_lines": [1, 17, 18, 19, 20, 21, 22, 25, 35, 36, 37], "summary": {"covered_lines": 10, "num_statements": 10, "percent_covered": 100.0, "percent_covered_display": "100", "missing_lines": 0, "excluded_lines": 0}, "missing_lines": [], "excluded_lines": [], "functions": {"": {"executed_lines": [1, 17, 18, 19, 20, 21, 22, 25, 35, 36, 37], "summary": {"covered_lines": 10, "num_statements": 10, "percent_covered": 100.0, "percent_covered_display": "100", "missing_lines": 0, "excluded_lines": 0}, "missing_lines": [], "excluded_lines": []}}, "classes": {"": {"executed_lines": [1, 17, 18, 19, 20, 21, 22, 25, 35, 36, 37], "summary": {"covered_lines": 10, "num_statements": 10, "percent_covered": 100.0, "percent_covered_display": "100", "missing_lines": 0, "excluded_lines": 0}, "missing_lines": [], "excluded_lines": []}}}, "src\\models\\categoria.py": {"executed_lines": [1, 14, 17, 18, 26, 28, 42, 43, 45, 46, 47, 48, 49, 51, 58, 60, 67, 70, 80, 84, 85, 88, 90, 102, 103, 116, 118, 119, 132, 134, 143, 152, 159, 167, 168, 178, 186, 187, 203, 204, 210, 217, 219, 223, 225, 229], "summary": {"covered_lines": 44, "num_statements": 62, "percent_covered": 70.96774193548387, "percent_covered_display": "71", "missing_lines": 18, "excluded_lines": 0}, "missing_lines": [81, 97, 98, 100, 141, 150, 189, 190, 192, 193, 195, 196, 198, 199, 201, 206, 207, 208], "excluded_lines": [], "functions": {"Categoria.__init__": {"executed_lines": [42, 43, 45, 46, 47, 48, 49], "summary": {"covered_lines": 7, "num_statements": 7, "percent_covered": 100.0, "percent_covered_display": "100", "missing_lines": 0, "excluded_lines": 0}, "missing_lines": [], "excluded_lines": []}, "Categoria.__str__": {"executed_lines": [58], "summary": {"covered_lines": 1, "num_statements": 1, "percent_covered": 100.0, "percent_covered_display": "100", "missing_lines": 0, "excluded_lines": 0}, "missing_lines": [], "excluded_lines": []}, "Categoria.__repr__": {"executed_lines": [67], "summary": {"covered_lines": 1, "num_statements": 1, "percent_covered": 100.0, "percent_covered_display": "100", "missing_lines": 0, "excluded_lines": 0}, "missing_lines": [], "excluded_lines": []}, "Categoria.__eq__": {"executed_lines": [80, 84, 85, 88], "summary": {"covered_lines": 4, "num_statements": 5, "percent_covered": 80.0, "percent_covered_display": "80", "missing_lines": 1, "excluded_lines": 0}, "missing_lines": [81], "excluded_lines": []}, "Categoria.__hash__": {"executed_lines": [], "summary": {"covered_lines": 0, "num_statements": 3, "percent_covered": 0.0, "percent_covered_display": "0", "missing_lines": 3, "excluded_lines": 0}, "missing_lines": [97, 98, 100], "excluded_lines": []}, "Categoria.crear_material": {"executed_lines": [116], "summary": {"covered_lines": 1, "num_statements": 1, "percent_covered": 100.0, "percent_covered_display": "100", "missing_lines": 0, "excluded_lines": 0}, "missing_lines": [], "excluded_lines": []}, "Categoria.crear_servicio": {"executed_lines": [132], "summary": {"covered_lines": 1, "num_statements": 1, "percent_covered": 100.0, "percent_covered_display": "100", "missing_lines": 0, "excluded_lines": 0}, "missing_lines": [], "excluded_lines": []}, "Categoria.es_material": {"executed_lines": [], "summary": {"covered_lines": 0, "num_statements": 1, "percent_covered": 0.0, "percent_covered_display": "0", "missing_lines": 1, "excluded_lines": 0}, "missing_lines": [141], "excluded_lines": []}, "Categoria.es_servicio": {"executed_lines": [], "summary": {"covered_lines": 0, "num_statements": 1, "percent_covered": 0.0, "percent_covered_display": "0", "missing_lines": 1, "excluded_lines": 0}, "missing_lines": [150], "excluded_lines": []}, "Categoria.to_dict": {"executed_lines": [159], "summary": {"covered_lines": 1, "num_statements": 1, "percent_covered": 100.0, "percent_covered_display": "100", "missing_lines": 0, "excluded_lines": 0}, "missing_lines": [], "excluded_lines": []}, "Categoria.from_dict": {"executed_lines": [178], "summary": {"covered_lines": 1, "num_statements": 1, "percent_covered": 100.0, "percent_covered_display": "100", "missing_lines": 0, "excluded_lines": 0}, "missing_lines": [], "excluded_lines": []}, "Categoria.validar_tipo": {"executed_lines": [], "summary": {"covered_lines": 0, "num_statements": 9, "percent_covered": 0.0, "percent_covered_display": "0", "missing_lines": 9, "excluded_lines": 0}, "missing_lines": [189, 190, 192, 193, 195, 196, 198, 199, 201], "excluded_lines": []}, "Categoria.validar_nombre": {"executed_lines": [], "summary": {"covered_lines": 0, "num_statements": 3, "percent_covered": 0.0, "percent_covered_display": "0", "missing_lines": 3, "excluded_lines": 0}, "missing_lines": [206, 207, 208], "excluded_lines": []}, "Categoria.esta_activa": {"executed_lines": [217], "summary": {"covered_lines": 1, "num_statements": 1, "percent_covered": 100.0, "percent_covered_display": "100", "missing_lines": 0, "excluded_lines": 0}, "missing_lines": [], "excluded_lines": []}, "
[...]
nes": 0, "num_statements": 4, "percent_covered": 0.0, "percent_covered_display": "0", "missing_lines": 4, "excluded_lines": 0}, "missing_lines": [562, 563, 566, 569], "excluded_lines": []}, "BarcodeUtils.get_format_info": {"executed_lines": [], "summary": {"covered_lines": 0, "num_statements": 3, "percent_covered": 0.0, "percent_covered_display": "0", "missing_lines": 3, "excluded_lines": 0}, "missing_lines": [582, 584, 627], "excluded_lines": []}, "validate_barcode": {"executed_lines": [], "summary": {"covered_lines": 0, "num_statements": 9, "percent_covered": 0.0, "percent_covered_display": "0", "missing_lines": 9, "excluded_lines": 0}, "missing_lines": [649, 651, 652, 654, 656, 665, 666, 667, 669], "excluded_lines": []}, "generate_product_code": {"executed_lines": [], "summary": {"covered_lines": 0, "num_statements": 10, "percent_covered": 0.0, "percent_covered_display": "0", "missing_lines": 10, "excluded_lines": 0}, "missing_lines": [683, 685, 687, 688, 689, 691, 692, 694, 696, 700], "excluded_lines": []}, "is_valid_product_code": {"executed_lines": [], "summary": {"covered_lines": 0, "num_statements": 2, "percent_covered": 0.0, "percent_covered_display": "0", "missing_lines": 2, "excluded_lines": 0}, "missing_lines": [713, 714], "excluded_lines": []}, "": {"executed_lines": [1, 15, 16, 17, 18, 19, 20, 23, 26, 27, 35, 46, 56, 57, 88, 89, 120, 121, 152, 153, 181, 182, 213, 214, 245, 246, 267, 268, 289, 290, 311, 312, 338, 339, 377, 378, 423, 424, 514, 515, 551, 552, 571, 572, 638, 672, 703], "summary": {"covered_lines": 45, "num_statements": 45, "percent_covered": 100.0, "percent_covered_display": "100", "missing_lines": 0, "excluded_lines": 0}, "missing_lines": [], "excluded_lines": []}}, "classes": {"BarcodeUtils": {"executed_lines": [], "summary": {"covered_lines": 0, "num_statements": 181, "percent_covered": 0.0, "percent_covered_display": "0", "missing_lines": 181, "excluded_lines": 0}, "missing_lines": [67, 68, 69, 72, 75, 76, 79, 80, 82, 84, 85, 86, 99, 100, 101, 104, 107, 108, 111, 112, 114, 116, 117, 118, 131, 132, 133, 136, 139, 140, 143, 144, 146, 148, 149, 150, 163, 164, 165, 168, 169, 172, 173, 175, 177, 178, 179, 192, 193, 194, 197, 200, 201, 204, 205, 207, 209, 210, 211, 228, 230, 231, 232, 233, 234, 235, 236, 238, 239, 241, 243, 256, 257, 259, 260, 261, 262, 264, 265, 278, 279, 281, 282, 283, 284, 286, 287, 300, 301, 303, 304, 305, 306, 308, 309, 323, 331, 333, 334, 336, 354, 355, 358, 361, 367, 369, 370, 371, 372, 373, 375, 389, 391, 393, 394, 395, 397, 399, 400, 401, 403, 405, 406, 407, 409, 411, 412, 414, 416, 417, 421, 434, 446, 448, 449, 450, 451, 452, 453, 454, 457, 487, 488, 490, 491, 492, 493, 494, 495, 497, 498, 499, 500, 501, 502, 504, 505, 506, 508, 509, 510, 512, 526, 529, 530, 531, 533, 535, 537, 539, 541, 543, 545, 549, 562, 563, 566, 569, 582, 584, 627], "excluded_lines": []}, "": {"executed_lines": [1, 15, 16, 17, 18, 19, 20, 23, 26, 27, 35, 46, 56, 57, 88, 89, 120, 121, 152, 153, 181, 182, 213, 214, 245, 246, 267, 268, 289, 290, 311, 312, 338, 339, 377, 378, 423, 424, 514, 515, 551, 552, 571, 572, 638, 672, 703], "summary": {"covered_lines": 45, "num_statements": 66, "percent_covered": 68.18181818181819, "percent_covered_display": "68", "missing_lines": 21, "excluded_lines": 0}, "missing_lines": [649, 651, 652, 654, 656, 665, 666, 667, 669, 683, 685, 687, 688, 689, 691, 692, 694, 696, 700, 713, 714], "excluded_lines": []}}}, "src\\utils\\database_helper.py": {"executed_lines": [1, 6, 7, 8, 11, 12, 14, 15, 29, 30, 41, 42, 62, 63, 88, 89], "summary": {"covered_lines": 14, "num_statements": 48, "percent_covered": 29.166666666666668, "percent_covered_display": "29", "missing_lines": 34, "excluded_lines": 0}, "missing_lines": [25, 26, 27, 37, 38, 39, 54, 55, 56, 57, 58, 59, 60, 75, 76, 77, 78, 80, 81, 82, 83, 84, 85, 86, 101, 102, 103, 104, 105, 106, 107, 108, 109, 110], "excluded_lines": [], "functions": {"DatabaseHelper.create_test_database": {"executed_lines": [], "summary": {"covered_lines": 0, "num_statements": 3, "percent_covered": 0.0, "percent_covered_display": "0", "missing_lines": 3, "excluded_lines": 0}, "missing_lines": [25, 26, 27], "excluded_lines": []}, "DatabaseHelper.cleanup_test_database": {"executed_lines": [], "summary": {"covered_lines": 0, "num_statements": 3, "percent_covered": 0.0, "percent_covered_display": "0", "missing_lines": 3, "excluded_lines": 0}, "missing_lines": [37, 38, 39], "excluded_lines": []}, "DatabaseHelper.execute_query": {"executed_lines": [], "summary": {"covered_lines": 0, "num_statements": 7, "percent_covered": 0.0, "percent_covered_display": "0", "missing_lines": 7, "excluded_lines": 0}, "missing_lines": [54, 55, 56, 57, 58, 59, 60], "excluded_lines": []}, "DatabaseHelper.insert_test_data": {"executed_lines": [], "summary": {"covered_lines": 0, "num_statements": 11, "percent_covered": 0.0, "percent_covered_display": "0", "missing_lines": 11, "excluded_lines": 0}, "missing_lines": [75, 76, 77, 78, 80, 81, 82, 83, 84, 85, 86], "excluded_lines": []}, "DatabaseHelper.safe_execute": {"executed_lines": [], "summary": {"covered_lines": 0, "num_statements": 10, "percent_covered": 0.0, "percent_covered_display": "0", "missing_lines": 10, "excluded_lines": 0}, "missing_lines": [101, 102, 103, 104, 105, 106, 107, 108, 109, 110], "excluded_lines": []}, "": {"executed_lines": [1, 6, 7, 8, 11, 12, 14, 15, 29, 30, 41, 42, 62, 63, 88, 89], "summary": {"covered_lines": 14, "num_statements": 14, "percent_covered": 100.0, "percent_covered_display": "100", "missing_lines": 0, "excluded_lines": 0}, "missing_lines": [], "excluded_lines": []}}, "classes": {"DatabaseHelper": {"executed_lines": [], "summary": {"covered_lines": 0, "num_statements": 34, "percent_covered": 0.0, "percent_covered_display": "0", "missing_lines": 34, "excluded_lines": 0}, "missing_lines": [25, 26, 27, 37, 38, 39, 54, 55, 56, 57, 58, 59, 60, 75, 76, 77, 78, 80, 81, 82, 83, 84, 85, 86, 101, 102, 103, 104, 105, 106, 107, 108, 109, 110], "excluded_lines": []}, "": {"executed_lines": [1, 6, 7, 8, 11, 12, 14, 15, 29, 30, 41, 42, 62, 63, 88, 89], "summary": {"covered_lines": 14, "num_statements": 14, "percent_covered": 100.0, "percent_covered_display": "100", "missing_lines": 0, "excluded_lines": 0}, "missing_lines": [], "excluded_lines": []}}}, "src\\utils\\hardware_detector.py": {"executed_lines": [1, 16, 17, 18, 19, 20, 21, 22, 23, 26, 27, 28, 29, 30, 31, 32, 33, 36, 39, 40, 41, 42, 43, 44, 45, 46, 47, 48, 49, 50, 51, 52, 53, 56, 57, 65, 90, 97, 112, 118, 120, 121, 122, 123, 124, 125, 127, 129, 139, 140, 143, 146, 148, 151, 152, 155, 156, 159, 160, 163, 164, 166, 167, 169, 182, 195, 234, 264, 290, 292, 295, 296, 297, 299, 301, 303, 304, 305, 307, 309, 311, 313, 314, 315, 364, 366, 368, 369, 400, 401, 405, 407, 409, 411, 412, 414, 415, 424, 426, 428, 430, 431, 434, 437, 438, 439, 440, 442, 456, 457, 459, 460, 462, 467, 469, 508, 547, 550, 551, 553, 554, 557, 559, 560, 562, 563, 565, 567, 569, 570, 571, 572, 574, 576, 578, 588, 590, 600, 620, 634, 649, 677, 679, 680, 682, 685, 686, 687, 696, 698, 712, 723, 734, 755], "summary": {"covered_lines": 151, "num_statements": 327, "percent_covered": 46.17737003058104, "percent_covered_display": "46", "missing_lines": 176, "excluded_lines": 0}, "missing_lines": [144, 176, 177, 179, 180, 189, 190, 192, 193, 205, 206, 207, 209, 227, 228, 229, 230, 232, 244, 245, 246, 247, 249, 250, 252, 253, 254, 255, 257, 258, 260, 261, 262, 274, 275, 276, 278, 279, 280, 281, 282, 284, 286, 287, 288, 293, 317, 319, 321, 322, 324, 325, 328, 329, 330, 331, 332, 333, 336, 339, 353, 355, 356, 357, 359, 360, 362, 371, 373, 375, 376, 378, 379, 380, 381, 382, 384, 398, 402, 403, 416, 417, 418, 419, 421, 422, 464, 465, 471, 473, 475, 478, 479, 480, 481, 483, 484, 485, 487, 501, 503, 504, 506, 510, 512, 514, 517, 518, 519, 520, 522, 523, 524, 526, 540, 542, 543, 545, 602, 603, 614, 616, 617, 618, 622, 623, 628, 630, 631, 632, 636, 637, 639, 640, 643, 645, 646, 647, 651, 652, 654, 656, 658, 662, 664, 666, 669, 671, 673, 674, 675, 688, 690, 691, 692, 706, 707, 708, 719, 720, 730, 731, 741, 743, 744, 747, 748, 749, 752, 762, 764, 765, 768, 769, 770, 773], "excluded_lines": [], "functions": {"HardwareDetector.__init__": {"executed_lines": [120, 121, 122, 123, 124, 125, 127], "summary": {"covered_lines": 7, "num_statements": 7, "percent_covered": 100.0, "percent_covered_display": "100", "missing_lines": 0, "excluded_lines": 0}, "missing_lines": [], "excluded_lines": []}, "HardwareDetector.detect_all_devices": {"executed_lines": [139, 140, 143, 146, 148, 151, 152, 155, 156, 159, 160, 163, 164, 166, 167], "summary": {"covered_lines": 15, "num_statements": 16, "percent_covered": 93.75, "percent_covered_display": "94", "missing_lines": 1, "excluded_lines": 0}, "missing_lines": [144], "excluded_lines": []}, "HardwareDetector.detect_barcode_scanners": {"executed_lines": [], "summary": {"covered_lines": 0, "num_statements": 4, "percent_covered": 0.0, "percent_covered_display": "0", "missing_lines": 4, "excluded_lines": 0}, "missing_lines": [176, 177, 179, 180], "excluded_lines": []}, "HardwareDetector.detect_printers": {"executed_lines": [], "summary": {"covered_lines": 0, "num_statements": 4, "percent_covered": 0.0, "percent_covered_display": "0", "missing_lines": 4, "excluded_lines": 0}, "missing_lines": [189, 190, 192, 193], "excluded_lines": []}, "HardwareDetector.get_device_capabilities": {"executed_lines": [], "summary": {"covered_lines": 0, "num_statements": 9, "percent_covered": 0.0, "percent_covered_display": "0", "missing_lines": 9, "excluded_lines": 0}, "missing_lines": [205, 206, 207, 209, 227, 228, 229, 230, 232], "excluded_lines": []}, "HardwareDetector.auto_configure_device": {"executed_lines": [], "summary": {"covered_lines": 0, "num_statements": 15, "percent_covered": 0.0, "percent_covered_display": "0", "missing_lines": 15, "excluded_lines": 0}, "missing_lines": [244, 245, 246, 247, 249, 250, 252, 253, 254, 255, 257, 258, 260, 261, 262], "excluded_lines": []}, "HardwareDetector.test_device_connection": {"executed_lines": [], "summary": {"covered_lines": 0, "num_statements": 12, "percent_covered": 0.0, "percent_covered_display": "0", "missing_lines": 12, "excluded_lines": 0}, "missing_lines": [274, 275, 276, 278, 279, 280, 281, 282, 284, 286, 287, 288], "excluded_lines": []}, "HardwareDetector.start_auto_scan": {"executed_lines": [292, 295, 296, 297, 299], "summary": {"covered_lines": 5, "num_statements": 6, "percent_covered": 83.33333333333333, "percent_covered_display": "83", "missing_lines": 1, "excluded_lines": 0}, "missing_lines": [293], "excluded_lines": []}, "HardwareDetector.stop_auto_scan": {"executed_lines": [303, 304, 305, 307], "summary": {"covered_lines": 4, "num_statements": 4, "percent_covered": 100.0, "percent_covered_display": "100", "missing_lines": 0, "excluded_lines": 0}, "missing_lines": [], "excluded_lines": []}, "HardwareDetector._detect_usb_devices": {"executed_lines": [311, 313, 314, 315], "summary": {"covered_lines": 4, "num_statements": 25, "percent_covered": 16.0, "percent_covered_display": "16", "missing_lines": 21, "excluded_lines": 0}, "missing_lines": [317, 319, 321, 322, 324, 325, 328, 329, 330, 331, 332, 333, 336, 339, 353, 355, 356, 357, 359, 360, 362], "excluded_lines": []}, "HardwareDetector._detect_serial_devices": {"executed_lines": [366, 368, 369, 400, 401, 405], "summary": {"covered_lines": 6, "num_statements": 19, "percent_covered": 31.57894736842105, "percent_covered_display": "32", "missing_lines": 13, "excluded_lines": 0}, "missing_lines": [371, 373, 375, 376, 378, 379, 380, 381, 382, 384, 398, 402, 403], "excluded_lines": []}, "HardwareDetector._detect_system_printers": {"executed_lines": [409, 411, 412, 414, 415, 424], "summary": {"covered_lines": 6, "num_statements": 12, "percent_covered": 50.0, "percent_covered_display": "50", "missing_lines": 6, "excluded_lines": 0}, "missing_lines": [416, 417, 418, 419, 421, 422], "excluded_lines": []}, "HardwareDetector._detect_windows_printers": {"executed_lines": [428, 430, 431, 434, 437, 438, 439, 440, 442, 456, 457, 459, 460, 462, 467], "summary": {"covered_lines": 15, "num_statements": 17, "percent_covered": 88.23529411764706, "percent_covered_display": "88", "missing_lines": 2, "excluded_lines": 0}, "missing_lines": [464, 465], "excluded_lines": []}, "HardwareDetector._detect_linux_printers": {"executed_lines": [], "summary": {"covered_lines": 0, "num_statements": 15, "percent_covered": 0.0, "percent_covered_display": "0", "missing_lines": 15, "excluded_lines": 0}, "missing_lines": [471, 473, 475, 478, 479, 480, 481, 483, 484, 485, 487, 501, 503, 504, 506], "excluded_lines": []}, "HardwareDetector._detect_macos_printers": {"executed_lines": [], "summary": {"covered_lines": 0, "num_statements": 15, "percent_covered": 0.0, "percent_covered_display": "0", "missing_lines": 15, "excluded_lines": 0}, "missing_lines": [510, 512, 514, 517, 518, 519, 520, 522, 523, 524, 526, 540, 542, 543, 545], "excluded_lines": []}, "HardwareDetector._identify_device_type": {"executed_lines": [550, 551, 553, 554, 557, 559, 560, 562, 563, 565], "summary": {"covered_lines": 10, "num_statements": 10, "percent_covered": 100.0, "percent_covered_display": "100", "missing_lines": 0, "excluded_lines": 0}, "missing_lines": [], "excluded_lines": []}, "HardwareDetector._get_basic_capabilities": {"executed_lines": [569, 570, 571, 572, 574], "summary": {"covered_lines": 5, "num_statements": 5, "percent_covered": 100.0, "percent_covered_display": "100", "missing_lines": 0, "excluded_lines": 0}, "missing_lines": [], "excluded_lines": []}, "HardwareDetector._get_scanner_capabilities": {"executed_lines": [578], "summary": {"covered_lines": 1, "num_statements": 1, "percent_covered": 100.0, "percent_covered_display": "100", "missing_lines": 0, "excluded_lines": 0}, "missing_lines": [], "excluded_lines": []}, "HardwareDetector._get_printer_capabilities": {"executed_lines": [590], "summary": {"covered_lines": 1, "num_statements": 1, "percent_covered": 100.0, "percent_covered_display": "100", "missing_lines": 0, "excluded_lines": 0}, "missing_lines": [], "excluded_lines": []}, "HardwareDetector._configure_scanner": {"executed_lines": [], "summary": {"covered_lines": 0, "num_statements": 6, "percent_covered": 0.0, "percent_covered_display": "0", "missing_lines": 6, "excluded_lines": 0}, "missing_lines": [602, 603, 614, 616, 617, 618], "excluded_lines": []}, "HardwareDetector._configure_printer": {"executed_lines": [], "summary": {"covered_lines": 0, "num_statements": 6, "percent_covered": 0.0, "percent_covered_display": "0", "missing_lines": 6, "excluded_lines": 0}, "missing_lines": [622, 623, 628, 630, 631, 632], "excluded_lines": []}, "HardwareDetector._test_scanner_connection": {"executed_lines": [], "summary": {"covered_lines": 0, "num_statements": 8, "percent_covered": 0.0, "percent_covered_display": "0", "missing_lines": 8, "excluded_lines": 0}, "missing_lines": [636, 637, 639, 640, 643, 645, 646, 647], "excluded_lines": []}, "HardwareDetector._test_printer_connection": {"executed_lines": [], "summary": {"covered_lines": 0, "num_statements": 13, "percent_covered": 0.0, "percent_covered_display": "0", "missing_lines": 13, "excluded_lines": 0}, "missing_lines": [651, 652, 654, 656, 658, 662, 664, 666, 669, 671, 673, 674, 675], "excluded_lines": []}, "HardwareDetector._auto_scan_worker": {"executed_lines": [679, 680, 682, 685, 686, 687], "summary": {"covered_lines": 6, "num_statements": 10, "percent_covered": 60.0, "percent_covered_display": "60", "missing_lines": 4, "excluded_lines": 0}, "missing_lines": [688, 690, 691, 692], "excluded_lines": []}, "get_hardware_detector": {"executed_lines": [], "summary": {"covered_lines": 0, "num_statements": 3, "percent_covered": 0.0, "percent_covered_display": "0", "missing_lines": 3, "excluded_lines": 0}, "missing_lines": [706, 707, 708], "excluded_lines": []}, "quick_scan_scanners": {"executed_lines": [], "summary": {"covered_lines": 0, "num_statements": 2, "percent_covered": 0.0, "percent_covered_display": "0", "missing_lines": 2, "excluded_lines": 0}, "missing_lines": [719, 720], "excluded_lines": []}, "quick_scan_printers": {"executed_lines": [], "summary": {"covered_lines": 0, "num_statements": 2, "percent_covered": 0.0, "percent_covered_display": "0", "missing_lines": 2, "excluded_lines": 0}, "missing_lines": [730, 731], "excluded_lines": []}, "find_best_scanner": {"executed_lines": [], "summary": {"covered_lines": 0, "num_statements": 7, "percent_covered": 0.0, "percent_covered_display": "0", "missing_lines": 7, "excluded_lines": 0}, "missing_lines": [741, 743, 744, 747, 748, 749, 752], "excluded_lines": []}, "find_best_printer": {"executed_lines": [], "summary": {"covered_lines": 0, "num_statements": 7, "percent_covered": 0.0, "percent_covered_display": "0", "missing_lines": 7, "excluded_lines": 0}, "missing_lines": [762, 764, 765, 768, 769, 770, 773], "excluded_lines": []}, "": {"executed_lines": [1, 16, 17, 18, 19, 20, 21, 22, 23, 26, 27, 28, 29, 30, 31, 32, 33, 36, 39, 40, 41, 42, 43, 44, 45, 46, 47, 48, 49, 50, 51, 52, 53, 56, 57, 65, 90, 97, 112, 118, 129, 169, 182, 195, 234, 264, 290, 301, 309, 364, 407, 426, 469, 508, 547, 567, 576, 588, 600, 620, 634, 649, 677, 696, 698, 712, 723, 734, 755], "summary": {"covered_lines": 66, "num_statements": 66, "percent_covered": 100.0, "percent_covered_display": "100", "missing_lines": 0, "excluded_lines": 0}, "missing_lines": [], "excluded_lines": []}}, "classes": {"DeviceInfo": {"executed_lines": [], "summary": {"covered_lines": 0, "num_statements": 0, "percent_covered": 100.0, "percent_covered_display": "100", "missing_lines": 0, "excluded_lines": 0}, "missing_lines": [], "excluded_lines": []}, "HardwareDetector": {"executed_lines": [120, 121, 122, 123, 124, 125, 127, 139, 140, 143, 146, 148, 151, 152, 155, 156, 159, 160, 163, 164, 166, 167, 292, 295, 296, 297, 299, 303, 304, 305, 307, 311, 313, 314, 315, 366, 368, 369, 400, 401, 405, 409, 411, 412, 414, 415, 424, 428, 430, 431, 434, 437, 438, 439, 440, 442, 456, 457, 459, 460, 462, 467, 550, 551, 553, 554, 557, 559, 560, 562, 563, 565, 569, 570, 571, 572, 574, 578, 590, 679, 680, 682, 685, 686, 687], "summary": {"covered_lines": 85, "num_statements": 240, "percent_covered": 35.416666666666664, "percent_covered_display": "35", "missing_lines": 155, "excluded_lines": 0}, "missing_lines": [144, 176, 177, 179, 180, 189, 190, 192, 193, 205, 206, 207, 209, 227, 228, 229, 230, 232, 244, 245, 246, 247, 249, 250, 252, 253, 254, 255, 257, 258, 260, 261, 262, 274, 275, 276, 278, 279, 280, 281, 282, 284, 286, 287, 288, 293, 317, 319, 321, 322, 324, 325, 328, 329, 330, 331, 332, 333, 336, 339, 353, 355, 356, 357, 359, 360, 362, 371, 373, 375, 376, 378, 379, 380, 381, 382, 384, 398, 402, 403, 416, 417, 418, 419, 421, 422, 464, 465, 471, 473, 475, 478, 479, 480, 481, 483, 484, 485, 487, 501, 503, 504, 506, 510, 512, 514, 517, 518, 519, 520, 522, 523, 524, 526, 540, 542, 543, 545, 602, 603, 614, 616, 617, 618, 622, 623, 628, 630, 631, 632, 636, 637, 639, 640, 643, 645, 646, 647, 651, 652, 654, 656, 658, 662, 664, 666, 669, 671, 673, 674, 675, 688, 690, 691, 692], "excluded_lines": []}, "": {"executed_lines": [1, 16, 17, 18, 19, 20, 21, 22, 23, 26, 27, 28, 29, 30, 31, 32, 33, 36, 39, 40, 41, 42, 43, 44, 45, 46, 47, 48, 49, 50, 51, 52, 53, 56, 57, 65, 90, 97, 112, 118, 129, 169, 182, 195, 234, 264, 290, 301, 309, 364, 407, 426, 469, 508, 547, 567, 576, 588, 600, 620, 634, 649, 677, 696, 698, 712, 723, 734, 755], "summary": {"covered_lines": 66, "num_statements": 87, "percent_covered": 75.86206896551724, "percent_covered_display": "76", "missing_lines": 21, "excluded_lines": 0}, "missing_lines": [706, 707, 708, 719, 720, 730, 731, 741, 743, 744, 747, 748, 749, 752, 762, 764, 765, 768, 769, 770, 773], "excluded_lines": []}}}}, "totals": {"covered_lines": 3073, "num_statements": 11131, "percent_covered": 27.607582427454854, "percent_covered_display": "28", "missing_lines": 8058, "excluded_lines": 0}}